[0.009s] Invoking command in '/home/up/oradar_ws/build/slam_gmapping': AMENT_PREFIX_PATH=/home/up/oradar_ws/install/openslam_gmapping:${AMENT_PREFIX_PATH} CMAKE_PREFIX_PATH=/home/up/oradar_ws/install/openslam_gmapping:/opt/ros/foxy LD_LIBRARY_PATH=/home/up/oradar_ws/install/openslam_gmapping/lib:${LD_LIBRARY_PATH} /usr/bin/cmake /home/up/oradar_ws/src/slam_gmapping -DCMAKE_INSTALL_PREFIX=/home/up/oradar_ws/install/slam_gmapping
[0.051s] -- The C compiler identification is GNU 9.4.0
[0.091s] -- The CXX compiler identification is GNU 9.4.0
[0.093s] -- Check for working C compiler: /usr/bin/cc
[0.150s] -- Check for working C compiler: /usr/bin/cc -- works
[0.151s] -- Detecting C compiler ABI info
[0.207s] -- Detecting C compiler ABI info - done
[0.213s] -- Detecting C compile features
[0.213s] -- Detecting C compile features - done
[0.215s] -- Check for working CXX compiler: /usr/bin/c++
[0.281s] -- Check for working CXX compiler: /usr/bin/c++ -- works
[0.282s] -- Detecting CXX compiler ABI info
[0.346s] -- Detecting CXX compiler ABI info - done
[0.352s] -- Detecting CXX compile features
[0.352s] -- Detecting CXX compile features - done
[0.353s]  -fuse-ld=lld -Wl,--disable-new-dtags
[0.354s] -- Found ament_cmake: 0.9.12 (/opt/ros/foxy/share/ament_cmake/cmake)
[0.370s] -- Found PythonInterp: /usr/bin/python3 (found suitable version "3.8.10", minimum required is "3") 
[0.370s] -- Using PYTHON_EXECUTABLE: /usr/bin/python3
[0.472s] -- Found std_msgs: 2.0.5 (/opt/ros/foxy/share/std_msgs/cmake)
[0.490s] -- Using all available rosidl_typesupport_c: rosidl_typesupport_fastrtps_c;rosidl_typesupport_introspection_c
[0.494s] -- Found rosidl_adapter: 1.3.1 (/opt/ros/foxy/share/rosidl_adapter/cmake)
[0.559s] -- Found OpenSSL: /usr/lib/x86_64-linux-gnu/libcrypto.so (found version "1.1.1f")  
[0.579s] -- Found FastRTPS: /opt/ros/foxy/include  
[0.627s] -- Using all available rosidl_typesupport_cpp: rosidl_typesupport_fastrtps_cpp;rosidl_typesupport_introspection_cpp
[0.656s] -- Found nav_msgs: 2.0.5 (/opt/ros/foxy/share/nav_msgs/cmake)
[0.732s] -- Found tf2: 0.13.14 (/opt/ros/foxy/share/tf2/cmake)
[0.743s] -- Found tf2_ros: 0.13.14 (/opt/ros/foxy/share/tf2_ros/cmake)
[0.785s] -- Found rmw_implementation_cmake: 1.0.4 (/opt/ros/foxy/share/rmw_implementation_cmake/cmake)
[0.786s] -- Using RMW implementation 'rmw_fastrtps_cpp' as default
[0.787s] -- Looking for pthread.h
[0.851s] -- Looking for pthread.h - found
[0.851s] -- Performing Test CMAKE_HAVE_LIBC_PTHREAD
[0.912s] -- Performing Test CMAKE_HAVE_LIBC_PTHREAD - Failed
[0.912s] -- Looking for pthread_create in pthreads
[0.964s] -- Looking for pthread_create in pthreads - not found
[0.965s] -- Looking for pthread_create in pthread
[1.024s] -- Looking for pthread_create in pthread - found
[1.025s] -- Found Threads: TRUE  
[1.327s] -- Found tf2_geometry_msgs: 0.13.14 (/opt/ros/foxy/share/tf2_geometry_msgs/cmake)
[1.335s] -- Found eigen3_cmake_module: 0.1.1 (/opt/ros/foxy/share/eigen3_cmake_module/cmake)
[1.339s] -- Found Eigen3: TRUE (found version "3.3.7") 
[1.355s] -- Found sensor_msgs: 2.0.5 (/opt/ros/foxy/share/sensor_msgs/cmake)
[1.398s] -- Found visualization_msgs: 2.0.5 (/opt/ros/foxy/share/visualization_msgs/cmake)
[1.445s] -- Found openslam_gmapping: 0.1.2 (/home/up/oradar_ws/install/openslam_gmapping/share/openslam_gmapping/cmake)
[1.448s] -- Found ament_lint_auto: 0.9.8 (/opt/ros/foxy/share/ament_lint_auto/cmake)
[1.504s] -- Added test 'cppcheck' to perform static code analysis on C / C++ code
[1.504s] -- Configured cppcheck include dirs: /home/up/oradar_ws/src/slam_gmapping/include
[1.504s] -- Configured cppcheck exclude dirs and/or files: 
[1.505s] -- Added test 'flake8' to check Python code syntax and style conventions
[1.506s] -- Added test 'lint_cmake' to check CMake code style
[1.506s] -- Added test 'pep257' to check Python code against some of the style conventions in PEP 257
[1.508s] -- Added test 'uncrustify' to check C / C++ code style
[1.508s] -- Configured uncrustify additional arguments: 
[1.508s] -- Added test 'xmllint' to check XML markup files
[1.512s] -- Configuring done
[1.524s] -- Generating done
[1.525s] -- Build files have been written to: /home/up/oradar_ws/build/slam_gmapping
[1.533s] Invoked command in '/home/up/oradar_ws/build/slam_gmapping' returned '0': AMENT_PREFIX_PATH=/home/up/oradar_ws/install/openslam_gmapping:${AMENT_PREFIX_PATH} CMAKE_PREFIX_PATH=/home/up/oradar_ws/install/openslam_gmapping:/opt/ros/foxy LD_LIBRARY_PATH=/home/up/oradar_ws/install/openslam_gmapping/lib:${LD_LIBRARY_PATH} /usr/bin/cmake /home/up/oradar_ws/src/slam_gmapping -DCMAKE_INSTALL_PREFIX=/home/up/oradar_ws/install/slam_gmapping
[1.536s] Invoking command in '/home/up/oradar_ws/build/slam_gmapping': AMENT_PREFIX_PATH=/home/up/oradar_ws/install/openslam_gmapping:${AMENT_PREFIX_PATH} CMAKE_PREFIX_PATH=/home/up/oradar_ws/install/openslam_gmapping:/opt/ros/foxy LD_LIBRARY_PATH=/home/up/oradar_ws/install/openslam_gmapping/lib:${LD_LIBRARY_PATH} /usr/bin/cmake --build /home/up/oradar_ws/build/slam_gmapping -- -j8 -l8
[1.574s] [35m[1mScanning dependencies of target slam_gmapping[0m
[1.574s] [35m[1mScanning dependencies of target transform[0m
[1.665s] [ 50%] [32mBuilding CXX object CMakeFiles/transform.dir/src/transform.cpp.o[0m
[1.665s] [ 50%] [32mBuilding CXX object CMakeFiles/slam_gmapping.dir/src/slam_gmapping.cpp.o[0m
[2.586s] In file included from [01m[K/home/up/oradar_ws/install/openslam_gmapping/include/gmapping/gridfastslam/gridslamprocessor.h:9[m[K,
[2.586s]                  from [01m[K/home/up/oradar_ws/src/slam_gmapping/include/slam_gmapping/transform.h:25[m[K,
[2.587s]                  from [01m[K/home/up/oradar_ws/src/slam_gmapping/src/transform.cpp:3[m[K:
[2.587s] [01m[K/home/up/oradar_ws/install/openslam_gmapping/include/gmapping/particlefilter/particlefilter.h:[m[K In function ‘[01m[Kvoid rle(OutputIterator&, const Iterator&, const Iterator&)[m[K’:
[2.587s] [01m[K/home/up/oradar_ws/install/openslam_gmapping/include/gmapping/particlefilter/particlefilter.h:140:2:[m[K [01;35m[Kwarning: [m[Kthis ‘[01m[Kif[m[K’ clause does not guard... [[01;35m[K-Wmisleading-indentation[m[K]
[2.587s]   140 |  [01;35m[Kif[m[K (count>0)
[2.587s]       |  [01;35m[K^~[m[K
[2.587s] [01m[K/home/up/oradar_ws/install/openslam_gmapping/include/gmapping/particlefilter/particlefilter.h:142:3:[m[K [01;36m[Knote: [m[K...this statement, but the latter is misleadingly indented as if it were guarded by the ‘[01m[Kif[m[K’
[2.587s]   142 |   [01;36m[Kout[m[K++;
[2.587s]       |   [01;36m[K^~~[m[K
[2.590s] In file included from [01m[K/home/up/oradar_ws/install/openslam_gmapping/include/gmapping/gridfastslam/gridslamprocessor.h:10[m[K,
[2.590s]                  from [01m[K/home/up/oradar_ws/src/slam_gmapping/include/slam_gmapping/transform.h:25[m[K,
[2.590s]                  from [01m[K/home/up/oradar_ws/src/slam_gmapping/src/transform.cpp:3[m[K:
[2.590s] [01m[K/home/up/oradar_ws/install/openslam_gmapping/include/gmapping/utils/point.h:[m[K At global scope:
[2.590s] [01m[K/home/up/oradar_ws/install/openslam_gmapping/include/gmapping/utils/point.h:205:2:[m[K [01;35m[Kwarning: [m[Kextra ‘[01m[K;[m[K’ [[01;35m[K-Wpedantic[m[K]
[2.590s]   205 | }[01;35m[K;[m[K //end namespace
[2.590s]       |  [01;35m[K^[m[K
[2.590s] In file included from [01m[K/home/up/oradar_ws/install/openslam_gmapping/include/gmapping/sensor/sensor_base/sensorreading.h:4[m[K,
[2.590s]                  from [01m[K/home/up/oradar_ws/install/openslam_gmapping/include/gmapping/log/sensorlog.h:6[m[K,
[2.590s]                  from [01m[K/home/up/oradar_ws/install/openslam_gmapping/include/gmapping/gridfastslam/gridslamprocessor.h:12[m[K,
[2.590s]                  from [01m[K/home/up/oradar_ws/src/slam_gmapping/include/slam_gmapping/transform.h:25[m[K,
[2.590s]                  from [01m[K/home/up/oradar_ws/src/slam_gmapping/src/transform.cpp:3[m[K:
[2.590s] [01m[K/home/up/oradar_ws/install/openslam_gmapping/include/gmapping/sensor/sensor_base/sensor.h:21:2:[m[K [01;35m[Kwarning: [m[Kextra ‘[01m[K;[m[K’ [[01;35m[K-Wpedantic[m[K]
[2.590s]    21 | }[01;35m[K;[m[K //end namespace
[2.590s]       |  [01;35m[K^[m[K
[2.590s] In file included from [01m[K/home/up/oradar_ws/install/openslam_gmapping/include/gmapping/log/sensorlog.h:6[m[K,
[2.590s]                  from [01m[K/home/up/oradar_ws/install/openslam_gmapping/include/gmapping/gridfastslam/gridslamprocessor.h:12[m[K,
[2.590s]                  from [01m[K/home/up/oradar_ws/src/slam_gmapping/include/slam_gmapping/transform.h:25[m[K,
[2.590s]                  from [01m[K/home/up/oradar_ws/src/slam_gmapping/src/transform.cpp:3[m[K:
[2.590s] [01m[K/home/up/oradar_ws/install/openslam_gmapping/include/gmapping/sensor/sensor_base/sensorreading.h:23:2:[m[K [01;35m[Kwarning: [m[Kextra ‘[01m[K;[m[K’ [[01;35m[K-Wpedantic[m[K]
[2.590s]    23 | }[01;35m[K;[m[K //end namespace
[2.590s]       |  [01;35m[K^[m[K
[2.590s] In file included from [01m[K/home/up/oradar_ws/install/openslam_gmapping/include/gmapping/log/sensorlog.h:7[m[K,
[2.590s]                  from [01m[K/home/up/oradar_ws/install/openslam_gmapping/include/gmapping/gridfastslam/gridslamprocessor.h:12[m[K,
[2.591s]                  from [01m[K/home/up/oradar_ws/src/slam_gmapping/include/slam_gmapping/transform.h:25[m[K,
[2.591s]                  from [01m[K/home/up/oradar_ws/src/slam_gmapping/src/transform.cpp:3[m[K:
[2.591s] [01m[K/home/up/oradar_ws/install/openslam_gmapping/include/gmapping/sensor/sensor_odometry/odometrysensor.h:17:2:[m[K [01;35m[Kwarning: [m[Kextra ‘[01m[K;[m[K’ [[01;35m[K-Wpedantic[m[K]
[2.591s]    17 | }[01;35m[K;[m[K
[2.591s]       |  [01;35m[K^[m[K
[2.592s] In file included from [01m[K/home/up/oradar_ws/install/openslam_gmapping/include/gmapping/log/sensorlog.h:8[m[K,
[2.592s]                  from [01m[K/home/up/oradar_ws/install/openslam_gmapping/include/gmapping/gridfastslam/gridslamprocessor.h:12[m[K,
[2.592s]                  from [01m[K/home/up/oradar_ws/src/slam_gmapping/include/slam_gmapping/transform.h:25[m[K,
[2.592s]                  from [01m[K/home/up/oradar_ws/src/slam_gmapping/src/transform.cpp:3[m[K:
[2.592s] [01m[K/home/up/oradar_ws/install/openslam_gmapping/include/gmapping/sensor/sensor_range/rangesensor.h:33:2:[m[K [01;35m[Kwarning: [m[Kextra ‘[01m[K;[m[K’ [[01;35m[K-Wpedantic[m[K]
[2.592s]    33 | }[01;35m[K;[m[K
[2.592s]       |  [01;35m[K^[m[K
[2.592s] In file included from [01m[K/home/up/oradar_ws/install/openslam_gmapping/include/gmapping/log/sensorlog.h:9[m[K,
[2.592s]                  from [01m[K/home/up/oradar_ws/install/openslam_gmapping/include/gmapping/gridfastslam/gridslamprocessor.h:12[m[K,
[2.592s]                  from [01m[K/home/up/oradar_ws/src/slam_gmapping/include/slam_gmapping/transform.h:25[m[K,
[2.592s]                  from [01m[K/home/up/oradar_ws/src/slam_gmapping/src/transform.cpp:3[m[K:
[2.592s] [01m[K/home/up/oradar_ws/install/openslam_gmapping/include/gmapping/sensor/sensor_odometry/odometryreading.h:27:2:[m[K [01;35m[Kwarning: [m[Kextra ‘[01m[K;[m[K’ [[01;35m[K-Wpedantic[m[K]
[2.592s]    27 | }[01;35m[K;[m[K
[2.592s]       |  [01;35m[K^[m[K
[2.592s] In file included from [01m[K/home/up/oradar_ws/install/openslam_gmapping/include/gmapping/log/sensorlog.h:10[m[K,
[2.592s]                  from [01m[K/home/up/oradar_ws/install/openslam_gmapping/include/gmapping/gridfastslam/gridslamprocessor.h:12[m[K,
[2.592s]                  from [01m[K/home/up/oradar_ws/src/slam_gmapping/include/slam_gmapping/transform.h:25[m[K,
[2.592s]                  from [01m[K/home/up/oradar_ws/src/slam_gmapping/src/transform.cpp:3[m[K:
[2.592s] [01m[K/home/up/oradar_ws/install/openslam_gmapping/include/gmapping/sensor/sensor_range/rangereading.h:24:2:[m[K [01;35m[Kwarning: [m[Kextra ‘[01m[K;[m[K’ [[01;35m[K-Wpedantic[m[K]
[2.592s]    24 | }[01;35m[K;[m[K
[2.593s]       |  [01;35m[K^[m[K
[2.593s] In file included from [01m[K/home/up/oradar_ws/install/openslam_gmapping/include/gmapping/log/sensorlog.h:11[m[K,
[2.593s]                  from [01m[K/home/up/oradar_ws/install/openslam_gmapping/include/gmapping/gridfastslam/gridslamprocessor.h:12[m[K,
[2.593s]                  from [01m[K/home/up/oradar_ws/src/slam_gmapping/include/slam_gmapping/transform.h:25[m[K,
[2.593s]                  from [01m[K/home/up/oradar_ws/src/slam_gmapping/src/transform.cpp:3[m[K:
[2.593s] [01m[K/home/up/oradar_ws/install/openslam_gmapping/include/gmapping/log/configuration.h:15:2:[m[K [01;35m[Kwarning: [m[Kextra ‘[01m[K;[m[K’ [[01;35m[K-Wpedantic[m[K]
[2.593s]    15 | }[01;35m[K;[m[K
[2.593s]       |  [01;35m[K^[m[K
[2.594s] In file included from [01m[K/home/up/oradar_ws/install/openslam_gmapping/include/gmapping/gridfastslam/gridslamprocessor.h:12[m[K,
[2.594s]                  from [01m[K/home/up/oradar_ws/src/slam_gmapping/include/slam_gmapping/transform.h:25[m[K,
[2.594s]                  from [01m[K/home/up/oradar_ws/src/slam_gmapping/src/transform.cpp:3[m[K:
[2.594s] [01m[K/home/up/oradar_ws/install/openslam_gmapping/include/gmapping/log/sensorlog.h:27:2:[m[K [01;35m[Kwarning: [m[Kextra ‘[01m[K;[m[K’ [[01;35m[K-Wpedantic[m[K]
[2.594s]    27 | }[01;35m[K;[m[K
[2.594s]       |  [01;35m[K^[m[K
[2.596s] In file included from [01m[K/home/up/oradar_ws/install/openslam_gmapping/include/gmapping/grid/map.h:5[m[K,
[2.596s]                  from [01m[K/home/up/oradar_ws/install/openslam_gmapping/include/gmapping/scanmatcher/smmap.h:3[m[K,
[2.596s]                  from [01m[K/home/up/oradar_ws/install/openslam_gmapping/include/gmapping/scanmatcher/scanmatcher.h:5[m[K,
[2.596s]                  from [01m[K/home/up/oradar_ws/install/openslam_gmapping/include/gmapping/gridfastslam/gridslamprocessor.h:15[m[K,
[2.596s]                  from [01m[K/home/up/oradar_ws/src/slam_gmapping/include/slam_gmapping/transform.h:25[m[K,
[2.596s]                  from [01m[K/home/up/oradar_ws/src/slam_gmapping/src/transform.cpp:3[m[K:
[2.596s] [01m[K/home/up/oradar_ws/install/openslam_gmapping/include/gmapping/grid/accessstate.h:6:2:[m[K [01;35m[Kwarning: [m[Kextra ‘[01m[K;[m[K’ [[01;35m[K-Wpedantic[m[K]
[2.596s]     6 | }[01;35m[K;[m[K
[2.596s]       |  [01;35m[K^[m[K
[2.597s] In file included from [01m[K/home/up/oradar_ws/install/openslam_gmapping/include/gmapping/grid/map.h:6[m[K,
[2.597s]                  from [01m[K/home/up/oradar_ws/install/openslam_gmapping/include/gmapping/scanmatcher/smmap.h:3[m[K,
[2.598s]                  from [01m[K/home/up/oradar_ws/install/openslam_gmapping/include/gmapping/scanmatcher/scanmatcher.h:5[m[K,
[2.598s]                  from [01m[K/home/up/oradar_ws/install/openslam_gmapping/include/gmapping/gridfastslam/gridslamprocessor.h:15[m[K,
[2.598s]                  from [01m[K/home/up/oradar_ws/src/slam_gmapping/include/slam_gmapping/transform.h:25[m[K,
[2.598s]                  from [01m[K/home/up/oradar_ws/src/slam_gmapping/src/transform.cpp:3[m[K:
[2.598s] [01m[K/home/up/oradar_ws/install/openslam_gmapping/include/gmapping/grid/array2d.h:185:2:[m[K [01;35m[Kwarning: [m[Kextra ‘[01m[K;[m[K’ [[01;35m[K-Wpedantic[m[K]
[2.598s]   185 | }[01;35m[K;[m[K
[2.598s]       |  [01;35m[K^[m[K
[2.599s] In file included from [01m[K/home/up/oradar_ws/install/openslam_gmapping/include/gmapping/scanmatcher/smmap.h:3[m[K,
[2.599s]                  from [01m[K/home/up/oradar_ws/install/openslam_gmapping/include/gmapping/scanmatcher/scanmatcher.h:5[m[K,
[2.599s]                  from [01m[K/home/up/oradar_ws/install/openslam_gmapping/include/gmapping/gridfastslam/gridslamprocessor.h:15[m[K,
[2.599s]                  from [01m[K/home/up/oradar_ws/src/slam_gmapping/include/slam_gmapping/transform.h:25[m[K,
[2.599s]                  from [01m[K/home/up/oradar_ws/src/slam_gmapping/src/transform.cpp:3[m[K:
[2.599s] [01m[K/home/up/oradar_ws/install/openslam_gmapping/include/gmapping/grid/map.h:262:2:[m[K [01;35m[Kwarning: [m[Kextra ‘[01m[K;[m[K’ [[01;35m[K-Wpedantic[m[K]
[2.599s]   262 | }[01;35m[K;[m[K
[2.600s]       |  [01;35m[K^[m[K
[2.600s] In file included from [01m[K/home/up/oradar_ws/install/openslam_gmapping/include/gmapping/grid/harray2d.h:5[m[K,
[2.600s]                  from [01m[K/home/up/oradar_ws/install/openslam_gmapping/include/gmapping/scanmatcher/smmap.h:4[m[K,
[2.600s]                  from [01m[K/home/up/oradar_ws/install/openslam_gmapping/include/gmapping/scanmatcher/scanmatcher.h:5[m[K,
[2.600s]                  from [01m[K/home/up/oradar_ws/install/openslam_gmapping/include/gmapping/gridfastslam/gridslamprocessor.h:15[m[K,
[2.600s]                  from [01m[K/home/up/oradar_ws/src/slam_gmapping/include/slam_gmapping/transform.h:25[m[K,
[2.600s]                  from [01m[K/home/up/oradar_ws/src/slam_gmapping/src/transform.cpp:3[m[K:
[2.600s] [01m[K/home/up/oradar_ws/install/openslam_gmapping/include/gmapping/utils/autoptr.h:96:2:[m[K [01;35m[Kwarning: [m[Kextra ‘[01m[K;[m[K’ [[01;35m[K-Wpedantic[m[K]
[2.600s]    96 | }[01;35m[K;[m[K
[2.600s]       |  [01;35m[K^[m[K
[2.600s] In file included from [01m[K/home/up/oradar_ws/install/openslam_gmapping/include/gmapping/gridfastslam/gridslamprocessor.h:9[m[K,
[2.600s]                  from [01m[K/home/up/oradar_ws/src/slam_gmapping/include/slam_gmapping/slam_gmapping.h:45[m[K,
[2.600s]                  from [01m[K/home/up/oradar_ws/src/slam_gmapping/src/slam_gmapping.cpp:24[m[K:
[2.600s] [01m[K/home/up/oradar_ws/install/openslam_gmapping/include/gmapping/particlefilter/particlefilter.h:[m[K In function ‘[01m[Kvoid rle(OutputIterator&, const Iterator&, const Iterator&)[m[K’:
[2.600s] [01m[K/home/up/oradar_ws/install/openslam_gmapping/include/gmapping/particlefilter/particlefilter.h:140:2:[m[K [01;35m[Kwarning: [m[Kthis ‘[01m[Kif[m[K’ clause does not guard... [[01;35m[K-Wmisleading-indentation[m[K]
[2.601s]   140 |  [01;35m[Kif[m[K (count>0)
[2.601s]       |  [01;35m[K^~[m[K
[2.601s] [01m[K/home/up/oradar_ws/install/openslam_gmapping/include/gmapping/particlefilter/particlefilter.h:142:3:[m[K [01;36m[Knote: [m[K...this statement, but the latter is misleadingly indented as if it were guarded by the ‘[01m[Kif[m[K’
[2.601s]   142 |   [01;36m[Kout[m[K++;
[2.601s]       |   [01;36m[K^~~[m[K
[2.603s] In file included from [01m[K/home/up/oradar_ws/install/openslam_gmapping/include/gmapping/scanmatcher/smmap.h:4[m[K,
[2.603s]                  from [01m[K/home/up/oradar_ws/install/openslam_gmapping/include/gmapping/scanmatcher/scanmatcher.h:5[m[K,
[2.603s]                  from [01m[K/home/up/oradar_ws/install/openslam_gmapping/include/gmapping/gridfastslam/gridslamprocessor.h:15[m[K,
[2.603s]                  from [01m[K/home/up/oradar_ws/src/slam_gmapping/include/slam_gmapping/transform.h:25[m[K,
[2.604s]                  from [01m[K/home/up/oradar_ws/src/slam_gmapping/src/transform.cpp:3[m[K:
[2.604s] [01m[K/home/up/oradar_ws/install/openslam_gmapping/include/gmapping/grid/harray2d.h:197:2:[m[K [01;35m[Kwarning: [m[Kextra ‘[01m[K;[m[K’ [[01;35m[K-Wpedantic[m[K]
[2.604s]   197 | }[01;35m[K;[m[K
[2.604s]       |  [01;35m[K^[m[K
[2.604s] In file included from [01m[K/home/up/oradar_ws/install/openslam_gmapping/include/gmapping/gridfastslam/gridslamprocessor.h:10[m[K,
[2.604s]                  from [01m[K/home/up/oradar_ws/src/slam_gmapping/include/slam_gmapping/slam_gmapping.h:45[m[K,
[2.604s]                  from [01m[K/home/up/oradar_ws/src/slam_gmapping/src/slam_gmapping.cpp:24[m[K:
[2.604s] [01m[K/home/up/oradar_ws/install/openslam_gmapping/include/gmapping/utils/point.h:[m[K At global scope:
[2.604s] [01m[K/home/up/oradar_ws/install/openslam_gmapping/include/gmapping/utils/point.h:205:2:[m[K [01;35m[Kwarning: [m[Kextra ‘[01m[K;[m[K’ [[01;35m[K-Wpedantic[m[K]
[2.604s]   205 | }[01;35m[K;[m[K //end namespace
[2.604s]       |  [01;35m[K^[m[K
[2.605s] In file included from [01m[K/home/up/oradar_ws/install/openslam_gmapping/include/gmapping/scanmatcher/scanmatcher.h:5[m[K,
[2.605s]                  from [01m[K/home/up/oradar_ws/install/openslam_gmapping/include/gmapping/gridfastslam/gridslamprocessor.h:15[m[K,
[2.605s]                  from [01m[K/home/up/oradar_ws/src/slam_gmapping/include/slam_gmapping/transform.h:25[m[K,
[2.605s]                  from [01m[K/home/up/oradar_ws/src/slam_gmapping/src/transform.cpp:3[m[K:
[2.605s] [01m[K/home/up/oradar_ws/install/openslam_gmapping/include/gmapping/scanmatcher/smmap.h:52:2:[m[K [01;35m[Kwarning: [m[Kextra ‘[01m[K;[m[K’ [[01;35m[K-Wpedantic[m[K]
[2.605s]    52 | }[01;35m[K;[m[K
[2.605s]       |  [01;35m[K^[m[K
[2.605s] In file included from [01m[K/home/up/oradar_ws/install/openslam_gmapping/include/gmapping/sensor/sensor_base/sensorreading.h:4[m[K,
[2.605s]                  from [01m[K/home/up/oradar_ws/install/openslam_gmapping/include/gmapping/log/sensorlog.h:6[m[K,
[2.605s]                  from [01m[K/home/up/oradar_ws/install/openslam_gmapping/include/gmapping/gridfastslam/gridslamprocessor.h:12[m[K,
[2.605s]                  from [01m[K/home/up/oradar_ws/src/slam_gmapping/include/slam_gmapping/slam_gmapping.h:45[m[K,
[2.605s]                  from [01m[K/home/up/oradar_ws/src/slam_gmapping/src/slam_gmapping.cpp:24[m[K:
[2.605s] [01m[K/home/up/oradar_ws/install/openslam_gmapping/include/gmapping/sensor/sensor_base/sensor.h:21:2:[m[K [01;35m[Kwarning: [m[Kextra ‘[01m[K;[m[K’ [[01;35m[K-Wpedantic[m[K]
[2.605s]    21 | }[01;35m[K;[m[K //end namespace
[2.605s]       |  [01;35m[K^[m[K
[2.605s] In file included from [01m[K/home/up/oradar_ws/install/openslam_gmapping/include/gmapping/log/sensorlog.h:6[m[K,
[2.605s]                  from [01m[K/home/up/oradar_ws/install/openslam_gmapping/include/gmapping/gridfastslam/gridslamprocessor.h:12[m[K,
[2.605s]                  from [01m[K/home/up/oradar_ws/src/slam_gmapping/include/slam_gmapping/slam_gmapping.h:45[m[K,
[2.605s]                  from [01m[K/home/up/oradar_ws/src/slam_gmapping/src/slam_gmapping.cpp:24[m[K:
[2.605s] [01m[K/home/up/oradar_ws/install/openslam_gmapping/include/gmapping/sensor/sensor_base/sensorreading.h:23:2:[m[K [01;35m[Kwarning: [m[Kextra ‘[01m[K;[m[K’ [[01;35m[K-Wpedantic[m[K]
[2.605s]    23 | }[01;35m[K;[m[K //end namespace
[2.605s]       |  [01;35m[K^[m[K
[2.605s] In file included from [01m[K/home/up/oradar_ws/install/openslam_gmapping/include/gmapping/log/sensorlog.h:7[m[K,
[2.605s]                  from [01m[K/home/up/oradar_ws/install/openslam_gmapping/include/gmapping/gridfastslam/gridslamprocessor.h:12[m[K,
[2.605s]                  from [01m[K/home/up/oradar_ws/src/slam_gmapping/include/slam_gmapping/slam_gmapping.h:45[m[K,
[2.605s]                  from [01m[K/home/up/oradar_ws/src/slam_gmapping/src/slam_gmapping.cpp:24[m[K:
[2.605s] [01m[K/home/up/oradar_ws/install/openslam_gmapping/include/gmapping/sensor/sensor_odometry/odometrysensor.h:17:2:[m[K [01;35m[Kwarning: [m[Kextra ‘[01m[K;[m[K’ [[01;35m[K-Wpedantic[m[K]
[2.605s]    17 | }[01;35m[K;[m[K
[2.606s]       |  [01;35m[K^[m[K
[2.606s] In file included from [01m[K/home/up/oradar_ws/install/openslam_gmapping/include/gmapping/scanmatcher/scanmatcher.h:7[m[K,
[2.606s]                  from [01m[K/home/up/oradar_ws/install/openslam_gmapping/include/gmapping/gridfastslam/gridslamprocessor.h:15[m[K,
[2.606s]                  from [01m[K/home/up/oradar_ws/src/slam_gmapping/include/slam_gmapping/transform.h:25[m[K,
[2.606s]                  from [01m[K/home/up/oradar_ws/src/slam_gmapping/src/transform.cpp:3[m[K:
[2.606s] [01m[K/home/up/oradar_ws/install/openslam_gmapping/include/gmapping/utils/stat.h:145:2:[m[K [01;35m[Kwarning: [m[Kextra ‘[01m[K;[m[K’ [[01;35m[K-Wpedantic[m[K]
[2.606s]   145 | }[01;35m[K;[m[K //end namespace
[2.606s]       |  [01;35m[K^[m[K
[2.606s] In file included from [01m[K/home/up/oradar_ws/install/openslam_gmapping/include/gmapping/log/sensorlog.h:8[m[K,
[2.606s]                  from [01m[K/home/up/oradar_ws/install/openslam_gmapping/include/gmapping/gridfastslam/gridslamprocessor.h:12[m[K,
[2.607s]                  from [01m[K/home/up/oradar_ws/src/slam_gmapping/include/slam_gmapping/slam_gmapping.h:45[m[K,
[2.607s]                  from [01m[K/home/up/oradar_ws/src/slam_gmapping/src/slam_gmapping.cpp:24[m[K:
[2.607s] [01m[K/home/up/oradar_ws/install/openslam_gmapping/include/gmapping/sensor/sensor_range/rangesensor.h:33:2:[m[K [01;35m[Kwarning: [m[Kextra ‘[01m[K;[m[K’ [[01;35m[K-Wpedantic[m[K]
[2.607s]    33 | }[01;35m[K;[m[K
[2.607s]       |  [01;35m[K^[m[K
[2.607s] In file included from [01m[K/home/up/oradar_ws/install/openslam_gmapping/include/gmapping/log/sensorlog.h:9[m[K,
[2.607s]                  from [01m[K/home/up/oradar_ws/install/openslam_gmapping/include/gmapping/gridfastslam/gridslamprocessor.h:12[m[K,
[2.607s]                  from [01m[K/home/up/oradar_ws/src/slam_gmapping/include/slam_gmapping/slam_gmapping.h:45[m[K,
[2.607s]                  from [01m[K/home/up/oradar_ws/src/slam_gmapping/src/slam_gmapping.cpp:24[m[K:
[2.607s] [01m[K/home/up/oradar_ws/install/openslam_gmapping/include/gmapping/sensor/sensor_odometry/odometryreading.h:27:2:[m[K [01;35m[Kwarning: [m[Kextra ‘[01m[K;[m[K’ [[01;35m[K-Wpedantic[m[K]
[2.607s]    27 | }[01;35m[K;[m[K
[2.607s]       |  [01;35m[K^[m[K
[2.607s] In file included from [01m[K/home/up/oradar_ws/install/openslam_gmapping/include/gmapping/log/sensorlog.h:10[m[K,
[2.607s]                  from [01m[K/home/up/oradar_ws/install/openslam_gmapping/include/gmapping/gridfastslam/gridslamprocessor.h:12[m[K,
[2.607s]                  from [01m[K/home/up/oradar_ws/src/slam_gmapping/include/slam_gmapping/slam_gmapping.h:45[m[K,
[2.607s]                  from [01m[K/home/up/oradar_ws/src/slam_gmapping/src/slam_gmapping.cpp:24[m[K:
[2.607s] [01m[K/home/up/oradar_ws/install/openslam_gmapping/include/gmapping/sensor/sensor_range/rangereading.h:24:2:[m[K [01;35m[Kwarning: [m[Kextra ‘[01m[K;[m[K’ [[01;35m[K-Wpedantic[m[K]
[2.607s]    24 | }[01;35m[K;[m[K
[2.607s]       |  [01;35m[K^[m[K
[2.607s] In file included from [01m[K/home/up/oradar_ws/install/openslam_gmapping/include/gmapping/log/sensorlog.h:11[m[K,
[2.607s]                  from [01m[K/home/up/oradar_ws/install/openslam_gmapping/include/gmapping/gridfastslam/gridslamprocessor.h:12[m[K,
[2.607s]                  from [01m[K/home/up/oradar_ws/src/slam_gmapping/include/slam_gmapping/slam_gmapping.h:45[m[K,
[2.607s]                  from [01m[K/home/up/oradar_ws/src/slam_gmapping/src/slam_gmapping.cpp:24[m[K:
[2.607s] [01m[K/home/up/oradar_ws/install/openslam_gmapping/include/gmapping/log/configuration.h:15:2:[m[K [01;35m[Kwarning: [m[Kextra ‘[01m[K;[m[K’ [[01;35m[K-Wpedantic[m[K]
[2.607s]    15 | }[01;35m[K;[m[K
[2.607s]       |  [01;35m[K^[m[K
[2.609s] In file included from [01m[K/home/up/oradar_ws/install/openslam_gmapping/include/gmapping/gridfastslam/gridslamprocessor.h:12[m[K,
[2.609s]                  from [01m[K/home/up/oradar_ws/src/slam_gmapping/include/slam_gmapping/slam_gmapping.h:45[m[K,
[2.609s]                  from [01m[K/home/up/oradar_ws/src/slam_gmapping/src/slam_gmapping.cpp:24[m[K:
[2.609s] [01m[K/home/up/oradar_ws/install/openslam_gmapping/include/gmapping/log/sensorlog.h:27:2:[m[K [01;35m[Kwarning: [m[Kextra ‘[01m[K;[m[K’ [[01;35m[K-Wpedantic[m[K]
[2.609s]    27 | }[01;35m[K;[m[K
[2.609s]       |  [01;35m[K^[m[K
[2.610s] In file included from [01m[K/home/up/oradar_ws/install/openslam_gmapping/include/gmapping/grid/map.h:5[m[K,
[2.610s]                  from [01m[K/home/up/oradar_ws/install/openslam_gmapping/include/gmapping/scanmatcher/smmap.h:3[m[K,
[2.610s]                  from [01m[K/home/up/oradar_ws/install/openslam_gmapping/include/gmapping/scanmatcher/scanmatcher.h:5[m[K,
[2.610s]                  from [01m[K/home/up/oradar_ws/install/openslam_gmapping/include/gmapping/gridfastslam/gridslamprocessor.h:15[m[K,
[2.610s]                  from [01m[K/home/up/oradar_ws/src/slam_gmapping/include/slam_gmapping/slam_gmapping.h:45[m[K,
[2.610s]                  from [01m[K/home/up/oradar_ws/src/slam_gmapping/src/slam_gmapping.cpp:24[m[K:
[2.610s] [01m[K/home/up/oradar_ws/install/openslam_gmapping/include/gmapping/grid/accessstate.h:6:2:[m[K [01;35m[Kwarning: [m[Kextra ‘[01m[K;[m[K’ [[01;35m[K-Wpedantic[m[K]
[2.610s]     6 | }[01;35m[K;[m[K
[2.611s]       |  [01;35m[K^[m[K
[2.611s] In file included from [01m[K/home/up/oradar_ws/install/openslam_gmapping/include/gmapping/gridfastslam/gridslamprocessor.h:15[m[K,
[2.611s]                  from [01m[K/home/up/oradar_ws/src/slam_gmapping/include/slam_gmapping/transform.h:25[m[K,
[2.611s]                  from [01m[K/home/up/oradar_ws/src/slam_gmapping/src/transform.cpp:3[m[K:
[2.611s] [01m[K/home/up/oradar_ws/install/openslam_gmapping/include/gmapping/scanmatcher/scanmatcher.h:250:2:[m[K [01;35m[Kwarning: [m[Kextra ‘[01m[K;[m[K’ [[01;35m[K-Wpedantic[m[K]
[2.611s]   250 | }[01;35m[K;[m[K
[2.611s]       |  [01;35m[K^[m[K
[2.611s] In file included from [01m[K/home/up/oradar_ws/install/openslam_gmapping/include/gmapping/gridfastslam/gridslamprocessor.h:16[m[K,
[2.611s]                  from [01m[K/home/up/oradar_ws/src/slam_gmapping/include/slam_gmapping/transform.h:25[m[K,
[2.611s]                  from [01m[K/home/up/oradar_ws/src/slam_gmapping/src/transform.cpp:3[m[K:
[2.611s] [01m[K/home/up/oradar_ws/install/openslam_gmapping/include/gmapping/gridfastslam/motionmodel.h:17:2:[m[K [01;35m[Kwarning: [m[Kextra ‘[01m[K;[m[K’ [[01;35m[K-Wpedantic[m[K]
[2.611s]    17 | }[01;35m[K;[m[K
[2.611s]       |  [01;35m[K^[m[K
[2.612s] In file included from [01m[K/home/up/oradar_ws/install/openslam_gmapping/include/gmapping/grid/map.h:6[m[K,
[2.612s]                  from [01m[K/home/up/oradar_ws/install/openslam_gmapping/include/gmapping/scanmatcher/smmap.h:3[m[K,
[2.612s]                  from [01m[K/home/up/oradar_ws/install/openslam_gmapping/include/gmapping/scanmatcher/scanmatcher.h:5[m[K,
[2.612s]                  from [01m[K/home/up/oradar_ws/install/openslam_gmapping/include/gmapping/gridfastslam/gridslamprocessor.h:15[m[K,
[2.612s]                  from [01m[K/home/up/oradar_ws/src/slam_gmapping/include/slam_gmapping/slam_gmapping.h:45[m[K,
[2.612s]                  from [01m[K/home/up/oradar_ws/src/slam_gmapping/src/slam_gmapping.cpp:24[m[K:
[2.612s] [01m[K/home/up/oradar_ws/install/openslam_gmapping/include/gmapping/grid/array2d.h:185:2:[m[K [01;35m[Kwarning: [m[Kextra ‘[01m[K;[m[K’ [[01;35m[K-Wpedantic[m[K]
[2.612s]   185 | }[01;35m[K;[m[K
[2.612s]       |  [01;35m[K^[m[K
[2.614s] In file included from [01m[K/home/up/oradar_ws/install/openslam_gmapping/include/gmapping/scanmatcher/smmap.h:3[m[K,
[2.614s]                  from [01m[K/home/up/oradar_ws/install/openslam_gmapping/include/gmapping/scanmatcher/scanmatcher.h:5[m[K,
[2.614s]                  from [01m[K/home/up/oradar_ws/install/openslam_gmapping/include/gmapping/gridfastslam/gridslamprocessor.h:15[m[K,
[2.614s]                  from [01m[K/home/up/oradar_ws/src/slam_gmapping/include/slam_gmapping/slam_gmapping.h:45[m[K,
[2.614s]                  from [01m[K/home/up/oradar_ws/src/slam_gmapping/src/slam_gmapping.cpp:24[m[K:
[2.614s] [01m[K/home/up/oradar_ws/install/openslam_gmapping/include/gmapping/grid/map.h:262:2:[m[K [01;35m[Kwarning: [m[Kextra ‘[01m[K;[m[K’ [[01;35m[K-Wpedantic[m[K]
[2.614s]   262 | }[01;35m[K;[m[K
[2.614s]       |  [01;35m[K^[m[K
[2.614s] In file included from [01m[K/home/up/oradar_ws/install/openslam_gmapping/include/gmapping/grid/harray2d.h:5[m[K,
[2.614s]                  from [01m[K/home/up/oradar_ws/install/openslam_gmapping/include/gmapping/scanmatcher/smmap.h:4[m[K,
[2.614s]                  from [01m[K/home/up/oradar_ws/install/openslam_gmapping/include/gmapping/scanmatcher/scanmatcher.h:5[m[K,
[2.614s]                  from [01m[K/home/up/oradar_ws/install/openslam_gmapping/include/gmapping/gridfastslam/gridslamprocessor.h:15[m[K,
[2.614s]                  from [01m[K/home/up/oradar_ws/src/slam_gmapping/include/slam_gmapping/slam_gmapping.h:45[m[K,
[2.614s]                  from [01m[K/home/up/oradar_ws/src/slam_gmapping/src/slam_gmapping.cpp:24[m[K:
[2.614s] [01m[K/home/up/oradar_ws/install/openslam_gmapping/include/gmapping/utils/autoptr.h:96:2:[m[K [01;35m[Kwarning: [m[Kextra ‘[01m[K;[m[K’ [[01;35m[K-Wpedantic[m[K]
[2.614s]    96 | }[01;35m[K;[m[K
[2.614s]       |  [01;35m[K^[m[K
[2.618s] In file included from [01m[K/home/up/oradar_ws/install/openslam_gmapping/include/gmapping/scanmatcher/smmap.h:4[m[K,
[2.618s]                  from [01m[K/home/up/oradar_ws/install/openslam_gmapping/include/gmapping/scanmatcher/scanmatcher.h:5[m[K,
[2.618s]                  from [01m[K/home/up/oradar_ws/install/openslam_gmapping/include/gmapping/gridfastslam/gridslamprocessor.h:15[m[K,
[2.618s]                  from [01m[K/home/up/oradar_ws/src/slam_gmapping/include/slam_gmapping/slam_gmapping.h:45[m[K,
[2.618s]                  from [01m[K/home/up/oradar_ws/src/slam_gmapping/src/slam_gmapping.cpp:24[m[K:
[2.618s] [01m[K/home/up/oradar_ws/install/openslam_gmapping/include/gmapping/grid/harray2d.h:197:2:[m[K [01;35m[Kwarning: [m[Kextra ‘[01m[K;[m[K’ [[01;35m[K-Wpedantic[m[K]
[2.618s]   197 | }[01;35m[K;[m[K
[2.618s]       |  [01;35m[K^[m[K
[2.619s] In file included from [01m[K/home/up/oradar_ws/install/openslam_gmapping/include/gmapping/scanmatcher/scanmatcher.h:5[m[K,
[2.619s]                  from [01m[K/home/up/oradar_ws/install/openslam_gmapping/include/gmapping/gridfastslam/gridslamprocessor.h:15[m[K,
[2.619s]                  from [01m[K/home/up/oradar_ws/src/slam_gmapping/include/slam_gmapping/slam_gmapping.h:45[m[K,
[2.619s]                  from [01m[K/home/up/oradar_ws/src/slam_gmapping/src/slam_gmapping.cpp:24[m[K:
[2.619s] [01m[K/home/up/oradar_ws/install/openslam_gmapping/include/gmapping/scanmatcher/smmap.h:52:2:[m[K [01;35m[Kwarning: [m[Kextra ‘[01m[K;[m[K’ [[01;35m[K-Wpedantic[m[K]
[2.619s]    52 | }[01;35m[K;[m[K
[2.619s]       |  [01;35m[K^[m[K
[2.619s] In file included from [01m[K/home/up/oradar_ws/install/openslam_gmapping/include/gmapping/scanmatcher/scanmatcher.h:7[m[K,
[2.619s]                  from [01m[K/home/up/oradar_ws/install/openslam_gmapping/include/gmapping/gridfastslam/gridslamprocessor.h:15[m[K,
[2.619s]                  from [01m[K/home/up/oradar_ws/src/slam_gmapping/include/slam_gmapping/slam_gmapping.h:45[m[K,
[2.619s]                  from [01m[K/home/up/oradar_ws/src/slam_gmapping/src/slam_gmapping.cpp:24[m[K:
[2.619s] [01m[K/home/up/oradar_ws/install/openslam_gmapping/include/gmapping/utils/stat.h:145:2:[m[K [01;35m[Kwarning: [m[Kextra ‘[01m[K;[m[K’ [[01;35m[K-Wpedantic[m[K]
[2.619s]   145 | }[01;35m[K;[m[K //end namespace
[2.620s]       |  [01;35m[K^[m[K
[2.620s] In file included from [01m[K/home/up/oradar_ws/src/slam_gmapping/include/slam_gmapping/transform.h:25[m[K,
[2.620s]                  from [01m[K/home/up/oradar_ws/src/slam_gmapping/src/transform.cpp:3[m[K:
[2.620s] [01m[K/home/up/oradar_ws/install/openslam_gmapping/include/gmapping/gridfastslam/gridslamprocessor.h:335:2:[m[K [01;35m[Kwarning: [m[Kextra ‘[01m[K;[m[K’ [[01;35m[K-Wpedantic[m[K]
[2.620s]   335 | }[01;35m[K;[m[K
[2.620s]       |  [01;35m[K^[m[K
[2.625s] In file included from [01m[K/home/up/oradar_ws/install/openslam_gmapping/include/gmapping/gridfastslam/gridslamprocessor.h:15[m[K,
[2.625s]                  from [01m[K/home/up/oradar_ws/src/slam_gmapping/include/slam_gmapping/slam_gmapping.h:45[m[K,
[2.625s]                  from [01m[K/home/up/oradar_ws/src/slam_gmapping/src/slam_gmapping.cpp:24[m[K:
[2.625s] [01m[K/home/up/oradar_ws/install/openslam_gmapping/include/gmapping/scanmatcher/scanmatcher.h:250:2:[m[K [01;35m[Kwarning: [m[Kextra ‘[01m[K;[m[K’ [[01;35m[K-Wpedantic[m[K]
[2.625s]   250 | }[01;35m[K;[m[K
[2.625s]       |  [01;35m[K^[m[K
[2.625s] In file included from [01m[K/home/up/oradar_ws/install/openslam_gmapping/include/gmapping/gridfastslam/gridslamprocessor.h:16[m[K,
[2.625s]                  from [01m[K/home/up/oradar_ws/src/slam_gmapping/include/slam_gmapping/slam_gmapping.h:45[m[K,
[2.625s]                  from [01m[K/home/up/oradar_ws/src/slam_gmapping/src/slam_gmapping.cpp:24[m[K:
[2.625s] [01m[K/home/up/oradar_ws/install/openslam_gmapping/include/gmapping/gridfastslam/motionmodel.h:17:2:[m[K [01;35m[Kwarning: [m[Kextra ‘[01m[K;[m[K’ [[01;35m[K-Wpedantic[m[K]
[2.625s]    17 | }[01;35m[K;[m[K
[2.625s]       |  [01;35m[K^[m[K
[2.634s] In file included from [01m[K/home/up/oradar_ws/src/slam_gmapping/include/slam_gmapping/slam_gmapping.h:45[m[K,
[2.634s]                  from [01m[K/home/up/oradar_ws/src/slam_gmapping/src/slam_gmapping.cpp:24[m[K:
[2.634s] [01m[K/home/up/oradar_ws/install/openslam_gmapping/include/gmapping/gridfastslam/gridslamprocessor.h:335:2:[m[K [01;35m[Kwarning: [m[Kextra ‘[01m[K;[m[K’ [[01;35m[K-Wpedantic[m[K]
[2.635s]   335 | }[01;35m[K;[m[K
[2.635s]       |  [01;35m[K^[m[K
[4.024s] [ 75%] [32m[1mLinking CXX executable transform[0m
[4.209s] [ 75%] Built target transform
[7.419s] [100%] [32m[1mLinking CXX executable slam_gmapping[0m
[7.678s] [100%] Built target slam_gmapping
[7.687s] Invoked command in '/home/up/oradar_ws/build/slam_gmapping' returned '0': AMENT_PREFIX_PATH=/home/up/oradar_ws/install/openslam_gmapping:${AMENT_PREFIX_PATH} CMAKE_PREFIX_PATH=/home/up/oradar_ws/install/openslam_gmapping:/opt/ros/foxy LD_LIBRARY_PATH=/home/up/oradar_ws/install/openslam_gmapping/lib:${LD_LIBRARY_PATH} /usr/bin/cmake --build /home/up/oradar_ws/build/slam_gmapping -- -j8 -l8
[7.715s] Invoking command in '/home/up/oradar_ws/build/slam_gmapping': AMENT_PREFIX_PATH=/home/up/oradar_ws/install/openslam_gmapping:${AMENT_PREFIX_PATH} CMAKE_PREFIX_PATH=/home/up/oradar_ws/install/openslam_gmapping:/opt/ros/foxy LD_LIBRARY_PATH=/home/up/oradar_ws/install/openslam_gmapping/lib:${LD_LIBRARY_PATH} /usr/bin/cmake --install /home/up/oradar_ws/build/slam_gmapping
[7.722s] -- Install configuration: ""
[7.722s] -- Installing: /home/up/oradar_ws/install/slam_gmapping/lib/slam_gmapping/slam_gmapping
[7.726s] -- Set runtime path of "/home/up/oradar_ws/install/slam_gmapping/lib/slam_gmapping/slam_gmapping" to ""
[7.726s] -- Installing: /home/up/oradar_ws/install/slam_gmapping/lib/slam_gmapping/transform
[7.728s] -- Set runtime path of "/home/up/oradar_ws/install/slam_gmapping/lib/slam_gmapping/transform" to ""
[7.728s] -- Installing: /home/up/oradar_ws/install/slam_gmapping/share/slam_gmapping/launch
[7.728s] -- Installing: /home/up/oradar_ws/install/slam_gmapping/share/slam_gmapping/launch/test_gmapping.launch.py
[7.728s] -- Installing: /home/up/oradar_ws/install/slam_gmapping/share/slam_gmapping/launch/gmapping_launch.py
[7.728s] -- Installing: /home/up/oradar_ws/install/slam_gmapping/share/slam_gmapping/launch/slam_gmapping.launch.py
[7.728s] -- Installing: /home/up/oradar_ws/install/slam_gmapping/share/ament_index/resource_index/package_run_dependencies/slam_gmapping
[7.728s] -- Installing: /home/up/oradar_ws/install/slam_gmapping/share/ament_index/resource_index/parent_prefix_path/slam_gmapping
[7.729s] -- Installing: /home/up/oradar_ws/install/slam_gmapping/share/slam_gmapping/environment/ament_prefix_path.sh
[7.729s] -- Installing: /home/up/oradar_ws/install/slam_gmapping/share/slam_gmapping/environment/ament_prefix_path.dsv
[7.729s] -- Installing: /home/up/oradar_ws/install/slam_gmapping/share/slam_gmapping/environment/path.sh
[7.729s] -- Installing: /home/up/oradar_ws/install/slam_gmapping/share/slam_gmapping/environment/path.dsv
[7.729s] -- Installing: /home/up/oradar_ws/install/slam_gmapping/share/slam_gmapping/local_setup.bash
[7.729s] -- Installing: /home/up/oradar_ws/install/slam_gmapping/share/slam_gmapping/local_setup.sh
[7.729s] -- Installing: /home/up/oradar_ws/install/slam_gmapping/share/slam_gmapping/local_setup.zsh
[7.729s] -- Installing: /home/up/oradar_ws/install/slam_gmapping/share/slam_gmapping/local_setup.dsv
[7.729s] -- Installing: /home/up/oradar_ws/install/slam_gmapping/share/slam_gmapping/package.dsv
[7.730s] -- Installing: /home/up/oradar_ws/install/slam_gmapping/share/ament_index/resource_index/packages/slam_gmapping
[7.730s] -- Installing: /home/up/oradar_ws/install/slam_gmapping/share/slam_gmapping/cmake/slam_gmappingConfig.cmake
[7.730s] -- Installing: /home/up/oradar_ws/install/slam_gmapping/share/slam_gmapping/cmake/slam_gmappingConfig-version.cmake
[7.730s] -- Installing: /home/up/oradar_ws/install/slam_gmapping/share/slam_gmapping/package.xml
[7.732s] Invoked command in '/home/up/oradar_ws/build/slam_gmapping' returned '0': AMENT_PREFIX_PATH=/home/up/oradar_ws/install/openslam_gmapping:${AMENT_PREFIX_PATH} CMAKE_PREFIX_PATH=/home/up/oradar_ws/install/openslam_gmapping:/opt/ros/foxy LD_LIBRARY_PATH=/home/up/oradar_ws/install/openslam_gmapping/lib:${LD_LIBRARY_PATH} /usr/bin/cmake --install /home/up/oradar_ws/build/slam_gmapping
