[0.097s] DEBUG:colcon:Command line arguments: ['/usr/bin/colcon', 'build', '--symlink-install']
[0.097s] DEBUG:colcon:Parsed command line arguments: Namespace(allow_overriding=[], ament_cmake_args=None, base_paths=['.'], build_base='build', catkin_cmake_args=None, catkin_skip_building_tests=False, cmake_args=None, cmake_clean_cache=False, cmake_clean_first=False, cmake_force_configure=False, cmake_target=None, cmake_target_skip_unavailable=False, continue_on_error=False, event_handlers=None, executor='parallel', ignore_user_meta=False, install_base='install', log_base=None, log_level=None, main=<bound method BuildVerb.main of <colcon_core.verb.build.BuildVerb object at 0x7f0e76c394f0>>, merge_install=False, metas=['./colcon.meta'], packages_above=None, packages_above_and_dependencies=None, packages_above_depth=None, packages_end=None, packages_ignore=None, packages_ignore_regex=None, packages_select=None, packages_select_build_failed=False, packages_select_by_dep=None, packages_select_regex=None, packages_select_test_failures=False, packages_skip=None, packages_skip_build_finished=False, packages_skip_by_dep=None, packages_skip_regex=None, packages_skip_test_passed=False, packages_skip_up_to=None, packages_start=None, packages_up_to=None, packages_up_to_regex=None, parallel_workers=8, paths=None, symlink_install=True, test_result_base=None, verb_extension=<colcon_core.verb.build.BuildVerb object at 0x7f0e76c394f0>, verb_name='build', verb_parser=<colcon_defaults.argument_parser.defaults.DefaultArgumentsDecorator object at 0x7f0e76a6fe50>)
[0.203s] Level 1:colcon.colcon_core.package_discovery:discover_packages(colcon_meta) check parameters
[0.203s] Level 1:colcon.colcon_core.package_discovery:discover_packages(recursive) check parameters
[0.203s] Level 1:colcon.colcon_core.package_discovery:discover_packages(ignore) check parameters
[0.203s] Level 1:colcon.colcon_core.package_discovery:discover_packages(path) check parameters
[0.203s] Level 1:colcon.colcon_core.package_discovery:discover_packages(colcon_meta) discover
[0.203s] Level 1:colcon.colcon_core.package_discovery:discover_packages(recursive) discover
[0.203s] INFO:colcon.colcon_core.package_discovery:Crawling recursively for packages in '/home/up/oradar_ws'
[0.203s] Level 1:colcon.colcon_core.package_identification:_identify(.) by extensions ['ignore', 'ignore_ament_install']
[0.203s] Level 1:colcon.colcon_core.package_identification:_identify(.) by extension 'ignore'
[0.203s] Level 1:colcon.colcon_core.package_identification:_identify(.) by extension 'ignore_ament_install'
[0.204s] Level 1:colcon.colcon_core.package_identification:_identify(.) by extensions ['colcon_pkg']
[0.204s] Level 1:colcon.colcon_core.package_identification:_identify(.) by extension 'colcon_pkg'
[0.204s] Level 1:colcon.colcon_core.package_identification:_identify(.) by extensions ['colcon_meta']
[0.204s] Level 1:colcon.colcon_core.package_identification:_identify(.) by extension 'colcon_meta'
[0.204s] Level 1:colcon.colcon_core.package_identification:_identify(.) by extensions ['ros']
[0.204s] Level 1:colcon.colcon_core.package_identification:_identify(.) by extension 'ros'
[0.216s] Level 1:colcon.colcon_core.package_identification:_identify(.) by extensions ['cmake', 'python']
[0.216s] Level 1:colcon.colcon_core.package_identification:_identify(.) by extension 'cmake'
[0.216s] Level 1:colcon.colcon_core.package_identification:_identify(.) by extension 'python'
[0.216s] Level 1:colcon.colcon_core.package_identification:_identify(.) by extensions ['python_setup_py']
[0.216s] Level 1:colcon.colcon_core.package_identification:_identify(.) by extension 'python_setup_py'
[0.216s] Level 1:colcon.colcon_core.package_identification:_identify(build) by extensions ['ignore', 'ignore_ament_install']
[0.216s] Level 1:colcon.colcon_core.package_identification:_identify(build) by extension 'ignore'
[0.216s] Level 1:colcon.colcon_core.package_identification:_identify(build) ignored
[0.216s] Level 1:colcon.colcon_core.package_identification:_identify(install) by extensions ['ignore', 'ignore_ament_install']
[0.216s] Level 1:colcon.colcon_core.package_identification:_identify(install) by extension 'ignore'
[0.216s] Level 1:colcon.colcon_core.package_identification:_identify(install) ignored
[0.216s] Level 1:colcon.colcon_core.package_identification:_identify(log) by extensions ['ignore', 'ignore_ament_install']
[0.216s] Level 1:colcon.colcon_core.package_identification:_identify(log) by extension 'ignore'
[0.216s] Level 1:colcon.colcon_core.package_identification:_identify(log) ignored
[0.216s] Level 1:colcon.colcon_core.package_identification:_identify(src) by extensions ['ignore', 'ignore_ament_install']
[0.216s] Level 1:colcon.colcon_core.package_identification:_identify(src) by extension 'ignore'
[0.216s] Level 1:colcon.colcon_core.package_identification:_identify(src) by extension 'ignore_ament_install'
[0.216s] Level 1:colcon.colcon_core.package_identification:_identify(src) by extensions ['colcon_pkg']
[0.216s] Level 1:colcon.colcon_core.package_identification:_identify(src) by extension 'colcon_pkg'
[0.216s] Level 1:colcon.colcon_core.package_identification:_identify(src) by extensions ['colcon_meta']
[0.216s] Level 1:colcon.colcon_core.package_identification:_identify(src) by extension 'colcon_meta'
[0.216s] Level 1:colcon.colcon_core.package_identification:_identify(src) by extensions ['ros']
[0.216s] Level 1:colcon.colcon_core.package_identification:_identify(src) by extension 'ros'
[0.216s] Level 1:colcon.colcon_core.package_identification:_identify(src) by extensions ['cmake', 'python']
[0.216s] Level 1:colcon.colcon_core.package_identification:_identify(src) by extension 'cmake'
[0.216s] Level 1:colcon.colcon_core.package_identification:_identify(src) by extension 'python'
[0.216s] Level 1:colcon.colcon_core.package_identification:_identify(src) by extensions ['python_setup_py']
[0.217s] Level 1:colcon.colcon_core.package_identification:_identify(src) by extension 'python_setup_py'
[0.217s] Level 1:colcon.colcon_core.package_identification:_identify(src/oradar_ros) by extensions ['ignore', 'ignore_ament_install']
[0.217s] Level 1:colcon.colcon_core.package_identification:_identify(src/oradar_ros) by extension 'ignore'
[0.217s] Level 1:colcon.colcon_core.package_identification:_identify(src/oradar_ros) by extension 'ignore_ament_install'
[0.217s] Level 1:colcon.colcon_core.package_identification:_identify(src/oradar_ros) by extensions ['colcon_pkg']
[0.217s] Level 1:colcon.colcon_core.package_identification:_identify(src/oradar_ros) by extension 'colcon_pkg'
[0.217s] Level 1:colcon.colcon_core.package_identification:_identify(src/oradar_ros) by extensions ['colcon_meta']
[0.217s] Level 1:colcon.colcon_core.package_identification:_identify(src/oradar_ros) by extension 'colcon_meta'
[0.217s] Level 1:colcon.colcon_core.package_identification:_identify(src/oradar_ros) by extensions ['ros']
[0.217s] Level 1:colcon.colcon_core.package_identification:_identify(src/oradar_ros) by extension 'ros'
[0.218s] DEBUG:colcon.colcon_core.package_identification:Package 'src/oradar_ros' with type 'ros.ament_cmake' and name 'oradar_lidar'
[0.218s] Level 1:colcon.colcon_core.package_discovery:discover_packages(recursive) using defaults
[0.218s] Level 1:colcon.colcon_core.package_discovery:discover_packages(ignore) discover
[0.218s] Level 1:colcon.colcon_core.package_discovery:discover_packages(ignore) using defaults
[0.218s] Level 1:colcon.colcon_core.package_discovery:discover_packages(path) discover
[0.218s] Level 1:colcon.colcon_core.package_discovery:discover_packages(path) using defaults
[0.233s] Level 1:colcon.colcon_core.package_discovery:discover_packages(prefix_path) check parameters
[0.233s] Level 1:colcon.colcon_core.package_discovery:discover_packages(prefix_path) discover
[0.235s] DEBUG:colcon.colcon_installed_package_information.package_discovery:Found 256 installed packages in /opt/ros/foxy
[0.236s] Level 1:colcon.colcon_core.package_discovery:discover_packages(prefix_path) using defaults
[0.278s] Level 5:colcon.colcon_core.verb:set package 'oradar_lidar' build argument 'cmake_args' from command line to 'None'
[0.278s] Level 5:colcon.colcon_core.verb:set package 'oradar_lidar' build argument 'cmake_target' from command line to 'None'
[0.278s] Level 5:colcon.colcon_core.verb:set package 'oradar_lidar' build argument 'cmake_target_skip_unavailable' from command line to 'False'
[0.278s] Level 5:colcon.colcon_core.verb:set package 'oradar_lidar' build argument 'cmake_clean_cache' from command line to 'False'
[0.278s] Level 5:colcon.colcon_core.verb:set package 'oradar_lidar' build argument 'cmake_clean_first' from command line to 'False'
[0.278s] Level 5:colcon.colcon_core.verb:set package 'oradar_lidar' build argument 'cmake_force_configure' from command line to 'False'
[0.278s] Level 5:colcon.colcon_core.verb:set package 'oradar_lidar' build argument 'ament_cmake_args' from command line to 'None'
[0.278s] Level 5:colcon.colcon_core.verb:set package 'oradar_lidar' build argument 'catkin_cmake_args' from command line to 'None'
[0.278s] Level 5:colcon.colcon_core.verb:set package 'oradar_lidar' build argument 'catkin_skip_building_tests' from command line to 'False'
[0.278s] DEBUG:colcon.colcon_core.verb:Building package 'oradar_lidar' with the following arguments: {'ament_cmake_args': None, 'build_base': '/home/up/oradar_ws/build/oradar_lidar', 'catkin_cmake_args': None, 'catkin_skip_building_tests': False, 'cmake_args': None, 'cmake_clean_cache': False, 'cmake_clean_first': False, 'cmake_force_configure': False, 'cmake_target': None, 'cmake_target_skip_unavailable': False, 'install_base': '/home/up/oradar_ws/install/oradar_lidar', 'merge_install': False, 'path': '/home/up/oradar_ws/src/oradar_ros', 'symlink_install': True, 'test_result_base': None}
[0.278s] INFO:colcon.colcon_core.executor:Executing jobs using 'parallel' executor
[0.279s] DEBUG:colcon.colcon_parallel_executor.executor.parallel:run_until_complete
[0.279s] INFO:colcon.colcon_ros.task.ament_cmake.build:Building ROS package in '/home/up/oradar_ws/src/oradar_ros' with build type 'ament_cmake'
[0.279s] INFO:colcon.colcon_cmake.task.cmake.build:Building CMake package in '/home/up/oradar_ws/src/oradar_ros'
[0.282s] INFO:colcon.colcon_core.plugin_system:Skipping extension 'colcon_core.shell.bat': Not used on non-Windows systems
[0.283s] INFO:colcon.colcon_core.shell:Skip shell extension 'powershell' for command environment: Not usable outside of PowerShell
[0.283s] DEBUG:colcon.colcon_core.shell:Skip shell extension 'dsv' for command environment
[0.292s] DEBUG:colcon.colcon_core.event_handler.log_command:Invoking command in '/home/up/oradar_ws/build/oradar_lidar': CMAKE_PREFIX_PATH=/opt/ros/foxy /usr/bin/cmake /home/up/oradar_ws/src/oradar_ros -DAMENT_CMAKE_SYMLINK_INSTALL=1 -DCMAKE_INSTALL_PREFIX=/home/up/oradar_ws/install/oradar_lidar
[1.723s] DEBUG:colcon.colcon_core.event_handler.log_command:Invoked command in '/home/up/oradar_ws/build/oradar_lidar' returned '0': CMAKE_PREFIX_PATH=/opt/ros/foxy /usr/bin/cmake /home/up/oradar_ws/src/oradar_ros -DAMENT_CMAKE_SYMLINK_INSTALL=1 -DCMAKE_INSTALL_PREFIX=/home/up/oradar_ws/install/oradar_lidar
[1.726s] DEBUG:colcon.colcon_core.event_handler.log_command:Invoking command in '/home/up/oradar_ws/build/oradar_lidar': CMAKE_PREFIX_PATH=/opt/ros/foxy /usr/bin/cmake --build /home/up/oradar_ws/build/oradar_lidar -- -j8 -l8
[5.213s] DEBUG:colcon.colcon_core.event_handler.log_command:Invoked command in '/home/up/oradar_ws/build/oradar_lidar' returned '0': CMAKE_PREFIX_PATH=/opt/ros/foxy /usr/bin/cmake --build /home/up/oradar_ws/build/oradar_lidar -- -j8 -l8
[5.252s] DEBUG:colcon.colcon_core.event_handler.log_command:Invoking command in '/home/up/oradar_ws/build/oradar_lidar': CMAKE_PREFIX_PATH=/opt/ros/foxy /usr/bin/cmake --install /home/up/oradar_ws/build/oradar_lidar
[5.615s] Level 1:colcon.colcon_core.environment:create_environment_scripts_only(oradar_lidar)
[5.615s] DEBUG:colcon.colcon_core.event_handler.log_command:Invoked command in '/home/up/oradar_ws/build/oradar_lidar' returned '0': CMAKE_PREFIX_PATH=/opt/ros/foxy /usr/bin/cmake --install /home/up/oradar_ws/build/oradar_lidar
[5.617s] Level 1:colcon.colcon_core.environment:checking '/home/up/oradar_ws/install/oradar_lidar' for CMake module files
[5.617s] Level 1:colcon.colcon_core.environment:checking '/home/up/oradar_ws/install/oradar_lidar' for CMake config files
[5.618s] Level 1:colcon.colcon_core.shell:create_environment_hook('oradar_lidar', 'cmake_prefix_path')
[5.618s] INFO:colcon.colcon_core.shell:Creating environment hook '/home/up/oradar_ws/install/oradar_lidar/share/oradar_lidar/hook/cmake_prefix_path.ps1'
[5.619s] INFO:colcon.colcon_core.shell:Creating environment descriptor '/home/up/oradar_ws/install/oradar_lidar/share/oradar_lidar/hook/cmake_prefix_path.dsv'
[5.619s] INFO:colcon.colcon_core.shell:Creating environment hook '/home/up/oradar_ws/install/oradar_lidar/share/oradar_lidar/hook/cmake_prefix_path.sh'
[5.619s] Level 1:colcon.colcon_core.environment:checking '/home/up/oradar_ws/install/oradar_lidar/lib'
[5.620s] Level 1:colcon.colcon_core.environment:checking '/home/up/oradar_ws/install/oradar_lidar/bin'
[5.620s] Level 1:colcon.colcon_core.shell:create_environment_hook('oradar_lidar', 'path')
[5.620s] INFO:colcon.colcon_core.shell:Creating environment hook '/home/up/oradar_ws/install/oradar_lidar/share/oradar_lidar/hook/path.ps1'
[5.620s] INFO:colcon.colcon_core.shell:Creating environment descriptor '/home/up/oradar_ws/install/oradar_lidar/share/oradar_lidar/hook/path.dsv'
[5.620s] INFO:colcon.colcon_core.shell:Creating environment hook '/home/up/oradar_ws/install/oradar_lidar/share/oradar_lidar/hook/path.sh'
[5.620s] Level 1:colcon.colcon_core.environment:checking '/home/up/oradar_ws/install/oradar_lidar/lib/pkgconfig/oradar_lidar.pc'
[5.620s] Level 1:colcon.colcon_core.environment:checking '/home/up/oradar_ws/install/oradar_lidar/lib/python3.8/site-packages'
[5.620s] Level 1:colcon.colcon_core.environment:checking '/home/up/oradar_ws/install/oradar_lidar/bin'
[5.621s] Level 1:colcon.colcon_core.shell:create_environment_hook('oradar_lidar', 'pythonscriptspath')
[5.621s] INFO:colcon.colcon_core.shell:Creating environment hook '/home/up/oradar_ws/install/oradar_lidar/share/oradar_lidar/hook/pythonscriptspath.ps1'
[5.621s] INFO:colcon.colcon_core.shell:Creating environment descriptor '/home/up/oradar_ws/install/oradar_lidar/share/oradar_lidar/hook/pythonscriptspath.dsv'
[5.621s] INFO:colcon.colcon_core.shell:Creating environment hook '/home/up/oradar_ws/install/oradar_lidar/share/oradar_lidar/hook/pythonscriptspath.sh'
[5.621s] INFO:colcon.colcon_core.shell:Creating package script '/home/up/oradar_ws/install/oradar_lidar/share/oradar_lidar/package.ps1'
[5.622s] INFO:colcon.colcon_core.shell:Creating package descriptor '/home/up/oradar_ws/install/oradar_lidar/share/oradar_lidar/package.dsv'
[5.622s] INFO:colcon.colcon_core.shell:Creating package script '/home/up/oradar_ws/install/oradar_lidar/share/oradar_lidar/package.sh'
[5.623s] INFO:colcon.colcon_core.shell:Creating package script '/home/up/oradar_ws/install/oradar_lidar/share/oradar_lidar/package.bash'
[5.623s] INFO:colcon.colcon_core.shell:Creating package script '/home/up/oradar_ws/install/oradar_lidar/share/oradar_lidar/package.zsh'
[5.623s] Level 1:colcon.colcon_core.environment:create_file_with_runtime_dependencies(/home/up/oradar_ws/install/oradar_lidar/share/colcon-core/packages/oradar_lidar)
[5.653s] Level 1:colcon.colcon_core.environment:create_environment_scripts_only(oradar_lidar)
[5.653s] Level 1:colcon.colcon_core.environment:checking '/home/up/oradar_ws/install/oradar_lidar' for CMake module files
[5.653s] Level 1:colcon.colcon_core.environment:checking '/home/up/oradar_ws/install/oradar_lidar' for CMake config files
[5.654s] Level 1:colcon.colcon_core.shell:create_environment_hook('oradar_lidar', 'cmake_prefix_path')
[5.654s] INFO:colcon.colcon_core.shell:Creating environment hook '/home/up/oradar_ws/install/oradar_lidar/share/oradar_lidar/hook/cmake_prefix_path.ps1'
[5.654s] INFO:colcon.colcon_core.shell:Creating environment descriptor '/home/up/oradar_ws/install/oradar_lidar/share/oradar_lidar/hook/cmake_prefix_path.dsv'
[5.655s] INFO:colcon.colcon_core.shell:Creating environment hook '/home/up/oradar_ws/install/oradar_lidar/share/oradar_lidar/hook/cmake_prefix_path.sh'
[5.655s] Level 1:colcon.colcon_core.environment:checking '/home/up/oradar_ws/install/oradar_lidar/lib'
[5.655s] Level 1:colcon.colcon_core.environment:checking '/home/up/oradar_ws/install/oradar_lidar/bin'
[5.655s] Level 1:colcon.colcon_core.shell:create_environment_hook('oradar_lidar', 'path')
[5.656s] INFO:colcon.colcon_core.shell:Creating environment hook '/home/up/oradar_ws/install/oradar_lidar/share/oradar_lidar/hook/path.ps1'
[5.656s] INFO:colcon.colcon_core.shell:Creating environment descriptor '/home/up/oradar_ws/install/oradar_lidar/share/oradar_lidar/hook/path.dsv'
[5.656s] INFO:colcon.colcon_core.shell:Creating environment hook '/home/up/oradar_ws/install/oradar_lidar/share/oradar_lidar/hook/path.sh'
[5.656s] Level 1:colcon.colcon_core.environment:checking '/home/up/oradar_ws/install/oradar_lidar/lib/pkgconfig/oradar_lidar.pc'
[5.657s] Level 1:colcon.colcon_core.environment:checking '/home/up/oradar_ws/install/oradar_lidar/lib/python3.8/site-packages'
[5.657s] Level 1:colcon.colcon_core.environment:checking '/home/up/oradar_ws/install/oradar_lidar/bin'
[5.657s] Level 1:colcon.colcon_core.shell:create_environment_hook('oradar_lidar', 'pythonscriptspath')
[5.657s] INFO:colcon.colcon_core.shell:Creating environment hook '/home/up/oradar_ws/install/oradar_lidar/share/oradar_lidar/hook/pythonscriptspath.ps1'
[5.657s] INFO:colcon.colcon_core.shell:Creating environment descriptor '/home/up/oradar_ws/install/oradar_lidar/share/oradar_lidar/hook/pythonscriptspath.dsv'
[5.657s] INFO:colcon.colcon_core.shell:Creating environment hook '/home/up/oradar_ws/install/oradar_lidar/share/oradar_lidar/hook/pythonscriptspath.sh'
[5.658s] INFO:colcon.colcon_core.shell:Creating package script '/home/up/oradar_ws/install/oradar_lidar/share/oradar_lidar/package.ps1'
[5.658s] INFO:colcon.colcon_core.shell:Creating package descriptor '/home/up/oradar_ws/install/oradar_lidar/share/oradar_lidar/package.dsv'
[5.659s] INFO:colcon.colcon_core.shell:Creating package script '/home/up/oradar_ws/install/oradar_lidar/share/oradar_lidar/package.sh'
[5.659s] INFO:colcon.colcon_core.shell:Creating package script '/home/up/oradar_ws/install/oradar_lidar/share/oradar_lidar/package.bash'
[5.659s] INFO:colcon.colcon_core.shell:Creating package script '/home/up/oradar_ws/install/oradar_lidar/share/oradar_lidar/package.zsh'
[5.660s] Level 1:colcon.colcon_core.environment:create_file_with_runtime_dependencies(/home/up/oradar_ws/install/oradar_lidar/share/colcon-core/packages/oradar_lidar)
[5.660s] DEBUG:colcon.colcon_parallel_executor.executor.parallel:closing loop
[5.661s] DEBUG:colcon.colcon_parallel_executor.executor.parallel:loop closed
[5.661s] DEBUG:colcon.colcon_parallel_executor.executor.parallel:run_until_complete finished with '0'
[5.661s] DEBUG:colcon.colcon_core.event_reactor:joining thread
[5.666s] INFO:colcon.colcon_core.plugin_system:Skipping extension 'colcon_notification.desktop_notification.terminal_notifier': Not used on non-Darwin systems
[5.666s] INFO:colcon.colcon_core.plugin_system:Skipping extension 'colcon_notification.desktop_notification.win32': Not used on non-Windows systems
[5.666s] INFO:colcon.colcon_notification.desktop_notification:Sending desktop notification using 'notify2'
[5.683s] DEBUG:colcon.colcon_core.event_reactor:joined thread
[5.684s] INFO:colcon.colcon_core.shell:Creating prefix script '/home/up/oradar_ws/install/local_setup.ps1'
[5.684s] INFO:colcon.colcon_core.shell:Creating prefix util module '/home/up/oradar_ws/install/_local_setup_util_ps1.py'
[5.685s] INFO:colcon.colcon_core.shell:Creating prefix chain script '/home/up/oradar_ws/install/setup.ps1'
[5.686s] INFO:colcon.colcon_core.shell:Creating prefix script '/home/up/oradar_ws/install/local_setup.sh'
[5.686s] INFO:colcon.colcon_core.shell:Creating prefix util module '/home/up/oradar_ws/install/_local_setup_util_sh.py'
[5.686s] INFO:colcon.colcon_core.shell:Creating prefix chain script '/home/up/oradar_ws/install/setup.sh'
[5.687s] INFO:colcon.colcon_core.shell:Creating prefix script '/home/up/oradar_ws/install/local_setup.bash'
[5.687s] INFO:colcon.colcon_core.shell:Creating prefix chain script '/home/up/oradar_ws/install/setup.bash'
[5.688s] INFO:colcon.colcon_core.shell:Creating prefix script '/home/up/oradar_ws/install/local_setup.zsh'
[5.688s] INFO:colcon.colcon_core.shell:Creating prefix chain script '/home/up/oradar_ws/install/setup.zsh'
