-- The C compiler identification is GNU 9.4.0
-- The CXX compiler identification is GNU 9.4.0
-- Check for working C compiler: /usr/bin/cc
-- Check for working C compiler: /usr/bin/cc -- works
-- Detecting C compiler ABI info
-- Detecting C compiler ABI info - done
-- Detecting C compile features
-- Detecting C compile features - done
-- Check for working CXX compiler: /usr/bin/c++
-- Check for working CXX compiler: /usr/bin/c++ -- works
-- Detecting CXX compiler ABI info
-- Detecting CXX compiler ABI info - done
-- Detecting CXX compile features
-- Detecting CXX compile features - done
=============================================================
-- ROS Not Found, Ros Support is turned Off!
=============================================================
-- Found PythonInterp: /usr/bin/python3 (found suitable version "3.8.10", minimum required is "3") 
-- Using PYTHON_EXECUTABLE: /usr/bin/python3
-- Override CMake install command with custom implementation using symlinks instead of copying resources
-- Using all available rosidl_typesupport_c: rosidl_typesupport_fastrtps_c;rosidl_typesupport_introspection_c
-- Found rosidl_adapter: 1.3.1 (/opt/ros/foxy/share/rosidl_adapter/cmake)
-- Found OpenSSL: /usr/lib/x86_64-linux-gnu/libcrypto.so (found version "1.1.1f")  
-- Found FastRTPS: /opt/ros/foxy/include  
-- Using all available rosidl_typesupport_cpp: rosidl_typesupport_fastrtps_cpp;rosidl_typesupport_introspection_cpp
-- Found rmw_implementation_cmake: 1.0.4 (/opt/ros/foxy/share/rmw_implementation_cmake/cmake)
-- Using RMW implementation 'rmw_fastrtps_cpp' as default
-- Looking for pthread.h
-- Looking for pthread.h - found
-- Performing Test CMAKE_HAVE_LIBC_PTHREAD
-- Performing Test CMAKE_HAVE_LIBC_PTHREAD - Failed
-- Looking for pthread_create in pthreads
-- Looking for pthread_create in pthreads - not found
-- Looking for pthread_create in pthread
-- Looking for pthread_create in pthread - found
-- Found Threads: TRUE  
=============================================================
-- ROS2 Found. ROS2 Support is turned On!
=============================================================
-- Found sensor_msgs: 2.0.5 (/opt/ros/foxy/share/sensor_msgs/cmake)
CMake Deprecation Warning at sdk/CMakeLists.txt:36 (cmake_policy):
  The OLD behavior for policy CMP0053 will be removed from a future version
  of CMake.

  The cmake-policies(7) manual explains that the OLD behaviors of all
  policies are deprecated and that a policy should be set to OLD only under
  specific short-term circumstances.  Projects should be ported to the NEW
  behavior and not rely on setting a policy to OLD.


CMake Deprecation Warning at sdk/CMakeLists.txt:39 (cmake_policy):
  The OLD behavior for policy CMP0037 will be removed from a future version
  of CMake.

  The cmake-policies(7) manual explains that the OLD behaviors of all
  policies are deprecated and that a policy should be set to OLD only under
  specific short-term circumstances.  Projects should be ported to the NEW
  behavior and not rely on setting a policy to OLD.


CMake Deprecation Warning at sdk/CMakeLists.txt:42 (cmake_policy):
  The OLD behavior for policy CMP0043 will be removed from a future version
  of CMake.

  The cmake-policies(7) manual explains that the OLD behaviors of all
  policies are deprecated and that a policy should be set to OLD only under
  specific short-term circumstances.  Projects should be ported to the NEW
  behavior and not rely on setting a policy to OLD.


-- Could NOT find SWIG (missing: SWIG_EXECUTABLE SWIG_DIR) 
-- Found PythonInterp: /usr/bin/python3 (found version "3.8.10") 
-- Found PythonLibs: /usr/lib/x86_64-linux-gnu/libpython3.8.so (found version "3.8.10") 
CMake Deprecation Warning at sdk/cmake/install_package.cmake:101 (cmake_policy):
  The OLD behavior for policy CMP0026 will be removed from a future version
  of CMake.

  The cmake-policies(7) manual explains that the OLD behaviors of all
  policies are deprecated and that a policy should be set to OLD only under
  specific short-term circumstances.  Projects should be ported to the NEW
  behavior and not rely on setting a policy to OLD.
Call Stack (most recent call first):
  sdk/CMakeLists.txt:105 (install_package)


-- Configuring done
-- Generating done
-- Build files have been written to: /home/up/oradar_ws/build/oradar_lidar
[35m[1mScanning dependencies of target oradar_sdk[0m
[  5%] [32mBuilding CXX object sdk/CMakeFiles/oradar_sdk.dir/core/network/ActiveSocket.cpp.o[0m
[ 15%] [32mBuilding CXX object sdk/CMakeFiles/oradar_sdk.dir/core/base/timer.cpp.o[0m
[ 20%] [32mBuilding CXX object sdk/CMakeFiles/oradar_sdk.dir/core/serial/impl/unix/list_ports_linux.cpp.o[0m
[ 25%] [32mBuilding CXX object sdk/CMakeFiles/oradar_sdk.dir/core/serial/impl/unix/unix_serial.cpp.o[0m
[ 40%] [32mBuilding CXX object sdk/CMakeFiles/oradar_sdk.dir/core/serial/serial.cpp.o[0m
[ 30%] [32mBuilding CXX object sdk/CMakeFiles/oradar_sdk.dir/core/network/SimpleSocket.cpp.o[0m
[ 20%] [32mBuilding CXX object sdk/CMakeFiles/oradar_sdk.dir/core/network/PassiveSocket.cpp.o[0m
[ 35%] [32mBuilding C object sdk/CMakeFiles/oradar_sdk.dir/core/serial/impl/unix/lock.c.o[0m
[ 45%] [32mBuilding CXX object sdk/CMakeFiles/oradar_sdk.dir/src/ord_lidar_c_api_driver.cpp.o[0m
[ 50%] [32mBuilding CXX object sdk/CMakeFiles/oradar_sdk.dir/src/ord_lidar_driver.cpp.o[0m
[ 55%] [32mBuilding CXX object sdk/CMakeFiles/oradar_sdk.dir/src/filters/FullScanFilter.cpp.o[0m
[01m[K/home/up/oradar_ws/src/oradar_ros/sdk/src/ord_lidar_driver.cpp:[m[K In member function ‘[01m[Kbool ordlidar::OrdlidarDriver::uart_data_find_init_info(unsigned char*, int)[m[K’:
[01m[K/home/up/oradar_ws/src/oradar_ros/sdk/src/ord_lidar_driver.cpp:203:2:[m[K [01;35m[Kwarning: [m[Kno return statement in function returning non-void [[01;35m[K-Wreturn-type[m[K]
  203 |  [01;35m[K}[m[K
      |  [01;35m[K^[m[K
[ 60%] [32m[1mLinking CXX static library ../liboradar_sdk.a[0m
[ 60%] Built target oradar_sdk
[35m[1mScanning dependencies of target blocking_c_api_test[0m
[35m[1mScanning dependencies of target non-blocking_test[0m
[35m[1mScanning dependencies of target oradar_scan[0m
[35m[1mScanning dependencies of target blocking_test[0m
[ 75%] [32mBuilding CXX object sdk/samples/CMakeFiles/non-blocking_test.dir/non-blocking_test.cpp.o[0m
[ 75%] [32mBuilding CXX object sdk/samples/CMakeFiles/blocking_test.dir/blocking_test.cpp.o[0m
[ 75%] [32mBuilding C object sdk/samples/CMakeFiles/blocking_c_api_test.dir/blocking_c_api_test.c.o[0m
[ 80%] [32mBuilding CXX object CMakeFiles/oradar_scan.dir/src/oradar_scan_node.cpp.o[0m
[ 85%] [32m[1mLinking CXX executable ../../blocking_c_api_test[0m
[ 85%] Built target blocking_c_api_test
[ 90%] [32m[1mLinking CXX executable ../../blocking_test[0m
[ 95%] [32m[1mLinking CXX executable ../../non-blocking_test[0m
[ 95%] Built target non-blocking_test
[ 95%] Built target blocking_test
[100%] [32m[1mLinking CXX executable oradar_scan[0m
[100%] Built target oradar_scan
-- Install configuration: "RELEASE"
-- Execute custom install script
-- Symlinking: /home/up/oradar_ws/install/oradar_lidar/bin/blocking_test
-- Symlinking: /home/up/oradar_ws/install/oradar_lidar/bin/non-blocking_test
-- Symlinking: /home/up/oradar_ws/install/oradar_lidar/bin/blocking_c_api_test
-- Symlinking: /home/up/oradar_ws/install/oradar_lidar/include/core/base/datatype.h
-- Symlinking: /home/up/oradar_ws/install/oradar_lidar/include/core/base/locker.h
-- Symlinking: /home/up/oradar_ws/install/oradar_lidar/include/core/base/thread.h
-- Symlinking: /home/up/oradar_ws/install/oradar_lidar/include/core/base/timer.h
-- Symlinking: /home/up/oradar_ws/install/oradar_lidar/include/core/base/typedef.h
-- Symlinking: /home/up/oradar_ws/install/oradar_lidar/include/core/base/utils.h
-- Symlinking: /home/up/oradar_ws/install/oradar_lidar/include/core/base/v8stdint.h
-- Symlinking: /home/up/oradar_ws/install/oradar_lidar/include/core/common/ChannelDevice.h
-- Symlinking: /home/up/oradar_ws/install/oradar_lidar/include/core/math/angles.h
-- Symlinking: /home/up/oradar_ws/install/oradar_lidar/include/core/network/ActiveSocket.h
-- Symlinking: /home/up/oradar_ws/install/oradar_lidar/include/core/network/PassiveSocket.h
-- Symlinking: /home/up/oradar_ws/install/oradar_lidar/include/core/network/SimpleSocket.h
-- Symlinking: /home/up/oradar_ws/install/oradar_lidar/include/core/network/StatTimer.h
-- Symlinking: /home/up/oradar_ws/install/oradar_lidar/include/core/serial/common.h
-- Symlinking: /home/up/oradar_ws/install/oradar_lidar/include/core/serial/serial.h
-- Symlinking: /home/up/oradar_ws/install/oradar_lidar/include/core/serial/impl/unix/lock.h
-- Symlinking: /home/up/oradar_ws/install/oradar_lidar/include/core/serial/impl/unix/unix.h
-- Symlinking: /home/up/oradar_ws/install/oradar_lidar/include/core/serial/impl/unix/unix_serial.h
-- Symlinking: /home/up/oradar_ws/install/oradar_lidar/include/src/ord_lidar_c_api_driver.h
-- Symlinking: /home/up/oradar_ws/install/oradar_lidar/include/src/ord_lidar_driver.h
-- Symlinking: /home/up/oradar_ws/install/oradar_lidar/include/src/ordlidar_protocol.h
-- Symlinking: /home/up/oradar_ws/install/oradar_lidar/include/src/filters/FullScanFilter.h
-- Symlinking: /home/up/oradar_ws/install/oradar_lidar/lib/liboradar_sdk.a
-- Symlinking: /home/up/oradar_ws/install/oradar_lidar/lib/oradar_lidar/oradar_scan
-- Symlinking: /home/up/oradar_ws/install/oradar_lidar/share/oradar_lidar//launch/ms200_scan.launch
-- Symlinking: /home/up/oradar_ws/install/oradar_lidar/share/oradar_lidar//launch/ms200_scan.launch.py
-- Symlinking: /home/up/oradar_ws/install/oradar_lidar/share/oradar_lidar//launch/ms200_scan_gmapping.launch.py
-- Symlinking: /home/up/oradar_ws/install/oradar_lidar/share/oradar_lidar//launch/ms200_scan_view.launch
-- Symlinking: /home/up/oradar_ws/install/oradar_lidar/share/oradar_lidar//launch/ms200_scan_view.launch.py
-- Symlinking: /home/up/oradar_ws/install/oradar_lidar/share/oradar_lidar//rviz2/oradar_scan.rviz
-- Symlinking: /home/up/oradar_ws/install/oradar_lidar/share/ament_index/resource_index/package_run_dependencies/oradar_lidar
-- Symlinking: /home/up/oradar_ws/install/oradar_lidar/share/ament_index/resource_index/parent_prefix_path/oradar_lidar
-- Symlinking: /home/up/oradar_ws/install/oradar_lidar/share/oradar_lidar/environment/ament_prefix_path.sh
-- Symlinking: /home/up/oradar_ws/install/oradar_lidar/share/oradar_lidar/environment/ament_prefix_path.dsv
-- Symlinking: /home/up/oradar_ws/install/oradar_lidar/share/oradar_lidar/environment/path.sh
-- Symlinking: /home/up/oradar_ws/install/oradar_lidar/share/oradar_lidar/environment/path.dsv
-- Symlinking: /home/up/oradar_ws/install/oradar_lidar/share/oradar_lidar/local_setup.bash
-- Symlinking: /home/up/oradar_ws/install/oradar_lidar/share/oradar_lidar/local_setup.sh
-- Symlinking: /home/up/oradar_ws/install/oradar_lidar/share/oradar_lidar/local_setup.zsh
-- Symlinking: /home/up/oradar_ws/install/oradar_lidar/share/oradar_lidar/local_setup.dsv
-- Symlinking: /home/up/oradar_ws/install/oradar_lidar/share/oradar_lidar/package.dsv
-- Symlinking: /home/up/oradar_ws/install/oradar_lidar/share/ament_index/resource_index/packages/oradar_lidar
-- Symlinking: /home/up/oradar_ws/install/oradar_lidar/share/oradar_lidar/cmake/oradar_lidarConfig.cmake
-- Symlinking: /home/up/oradar_ws/install/oradar_lidar/share/oradar_lidar/cmake/oradar_lidarConfig-version.cmake
-- Symlinking: /home/up/oradar_ws/install/oradar_lidar/share/oradar_lidar/package.xml
