[0.122s] DEBUG:colcon:Command line arguments: ['/usr/bin/colcon', 'build']
[0.122s] DEBUG:colcon:Parsed command line arguments: Namespace(allow_overriding=[], ament_cmake_args=None, base_paths=['.'], build_base='build', catkin_cmake_args=None, catkin_skip_building_tests=False, cmake_args=None, cmake_clean_cache=False, cmake_clean_first=False, cmake_force_configure=False, cmake_target=None, cmake_target_skip_unavailable=False, continue_on_error=False, event_handlers=None, executor='parallel', ignore_user_meta=False, install_base='install', log_base=None, log_level=None, main=<bound method BuildVerb.main of <colcon_core.verb.build.BuildVerb object at 0x7f9cd81e24f0>>, merge_install=False, metas=['./colcon.meta'], packages_above=None, packages_above_and_dependencies=None, packages_above_depth=None, packages_end=None, packages_ignore=None, packages_ignore_regex=None, packages_select=None, packages_select_build_failed=False, packages_select_by_dep=None, packages_select_regex=None, packages_select_test_failures=False, packages_skip=None, packages_skip_build_finished=False, packages_skip_by_dep=None, packages_skip_regex=None, packages_skip_test_passed=False, packages_skip_up_to=None, packages_start=None, packages_up_to=None, packages_up_to_regex=None, parallel_workers=8, paths=None, symlink_install=False, test_result_base=None, verb_extension=<colcon_core.verb.build.BuildVerb object at 0x7f9cd81e24f0>, verb_name='build', verb_parser=<colcon_defaults.argument_parser.defaults.DefaultArgumentsDecorator object at 0x7f9cd8018e50>)
[0.207s] Level 1:colcon.colcon_core.package_discovery:discover_packages(colcon_meta) check parameters
[0.207s] Level 1:colcon.colcon_core.package_discovery:discover_packages(recursive) check parameters
[0.207s] Level 1:colcon.colcon_core.package_discovery:discover_packages(ignore) check parameters
[0.207s] Level 1:colcon.colcon_core.package_discovery:discover_packages(path) check parameters
[0.207s] Level 1:colcon.colcon_core.package_discovery:discover_packages(colcon_meta) discover
[0.207s] Level 1:colcon.colcon_core.package_discovery:discover_packages(recursive) discover
[0.207s] INFO:colcon.colcon_core.package_discovery:Crawling recursively for packages in '/home/up/oradar_ws'
[0.207s] Level 1:colcon.colcon_core.package_identification:_identify(.) by extensions ['ignore', 'ignore_ament_install']
[0.207s] Level 1:colcon.colcon_core.package_identification:_identify(.) by extension 'ignore'
[0.207s] Level 1:colcon.colcon_core.package_identification:_identify(.) by extension 'ignore_ament_install'
[0.207s] Level 1:colcon.colcon_core.package_identification:_identify(.) by extensions ['colcon_pkg']
[0.207s] Level 1:colcon.colcon_core.package_identification:_identify(.) by extension 'colcon_pkg'
[0.207s] Level 1:colcon.colcon_core.package_identification:_identify(.) by extensions ['colcon_meta']
[0.207s] Level 1:colcon.colcon_core.package_identification:_identify(.) by extension 'colcon_meta'
[0.207s] Level 1:colcon.colcon_core.package_identification:_identify(.) by extensions ['ros']
[0.207s] Level 1:colcon.colcon_core.package_identification:_identify(.) by extension 'ros'
[0.214s] Level 1:colcon.colcon_core.package_identification:_identify(.) by extensions ['cmake', 'python']
[0.214s] Level 1:colcon.colcon_core.package_identification:_identify(.) by extension 'cmake'
[0.214s] Level 1:colcon.colcon_core.package_identification:_identify(.) by extension 'python'
[0.214s] Level 1:colcon.colcon_core.package_identification:_identify(.) by extensions ['python_setup_py']
[0.214s] Level 1:colcon.colcon_core.package_identification:_identify(.) by extension 'python_setup_py'
[0.214s] Level 1:colcon.colcon_core.package_identification:_identify(build) by extensions ['ignore', 'ignore_ament_install']
[0.214s] Level 1:colcon.colcon_core.package_identification:_identify(build) by extension 'ignore'
[0.214s] Level 1:colcon.colcon_core.package_identification:_identify(build) ignored
[0.214s] Level 1:colcon.colcon_core.package_identification:_identify(install) by extensions ['ignore', 'ignore_ament_install']
[0.214s] Level 1:colcon.colcon_core.package_identification:_identify(install) by extension 'ignore'
[0.214s] Level 1:colcon.colcon_core.package_identification:_identify(install) ignored
[0.214s] Level 1:colcon.colcon_core.package_identification:_identify(log) by extensions ['ignore', 'ignore_ament_install']
[0.214s] Level 1:colcon.colcon_core.package_identification:_identify(log) by extension 'ignore'
[0.214s] Level 1:colcon.colcon_core.package_identification:_identify(log) ignored
[0.214s] Level 1:colcon.colcon_core.package_identification:_identify(src) by extensions ['ignore', 'ignore_ament_install']
[0.214s] Level 1:colcon.colcon_core.package_identification:_identify(src) by extension 'ignore'
[0.214s] Level 1:colcon.colcon_core.package_identification:_identify(src) by extension 'ignore_ament_install'
[0.214s] Level 1:colcon.colcon_core.package_identification:_identify(src) by extensions ['colcon_pkg']
[0.214s] Level 1:colcon.colcon_core.package_identification:_identify(src) by extension 'colcon_pkg'
[0.214s] Level 1:colcon.colcon_core.package_identification:_identify(src) by extensions ['colcon_meta']
[0.214s] Level 1:colcon.colcon_core.package_identification:_identify(src) by extension 'colcon_meta'
[0.214s] Level 1:colcon.colcon_core.package_identification:_identify(src) by extensions ['ros']
[0.214s] Level 1:colcon.colcon_core.package_identification:_identify(src) by extension 'ros'
[0.215s] Level 1:colcon.colcon_core.package_identification:_identify(src) by extensions ['cmake', 'python']
[0.215s] Level 1:colcon.colcon_core.package_identification:_identify(src) by extension 'cmake'
[0.215s] Level 1:colcon.colcon_core.package_identification:_identify(src) by extension 'python'
[0.215s] Level 1:colcon.colcon_core.package_identification:_identify(src) by extensions ['python_setup_py']
[0.215s] Level 1:colcon.colcon_core.package_identification:_identify(src) by extension 'python_setup_py'
[0.215s] Level 1:colcon.colcon_core.package_identification:_identify(src/openslam_gmapping) by extensions ['ignore', 'ignore_ament_install']
[0.215s] Level 1:colcon.colcon_core.package_identification:_identify(src/openslam_gmapping) by extension 'ignore'
[0.215s] Level 1:colcon.colcon_core.package_identification:_identify(src/openslam_gmapping) by extension 'ignore_ament_install'
[0.215s] Level 1:colcon.colcon_core.package_identification:_identify(src/openslam_gmapping) by extensions ['colcon_pkg']
[0.215s] Level 1:colcon.colcon_core.package_identification:_identify(src/openslam_gmapping) by extension 'colcon_pkg'
[0.215s] Level 1:colcon.colcon_core.package_identification:_identify(src/openslam_gmapping) by extensions ['colcon_meta']
[0.215s] Level 1:colcon.colcon_core.package_identification:_identify(src/openslam_gmapping) by extension 'colcon_meta'
[0.215s] Level 1:colcon.colcon_core.package_identification:_identify(src/openslam_gmapping) by extensions ['ros']
[0.215s] Level 1:colcon.colcon_core.package_identification:_identify(src/openslam_gmapping) by extension 'ros'
[0.216s] DEBUG:colcon.colcon_core.package_identification:Package 'src/openslam_gmapping' with type 'ros.ament_cmake' and name 'openslam_gmapping'
[0.216s] Level 1:colcon.colcon_core.package_identification:_identify(src/oradar_ros) by extensions ['ignore', 'ignore_ament_install']
[0.216s] Level 1:colcon.colcon_core.package_identification:_identify(src/oradar_ros) by extension 'ignore'
[0.216s] Level 1:colcon.colcon_core.package_identification:_identify(src/oradar_ros) by extension 'ignore_ament_install'
[0.216s] Level 1:colcon.colcon_core.package_identification:_identify(src/oradar_ros) by extensions ['colcon_pkg']
[0.216s] Level 1:colcon.colcon_core.package_identification:_identify(src/oradar_ros) by extension 'colcon_pkg'
[0.216s] Level 1:colcon.colcon_core.package_identification:_identify(src/oradar_ros) by extensions ['colcon_meta']
[0.216s] Level 1:colcon.colcon_core.package_identification:_identify(src/oradar_ros) by extension 'colcon_meta'
[0.216s] Level 1:colcon.colcon_core.package_identification:_identify(src/oradar_ros) by extensions ['ros']
[0.216s] Level 1:colcon.colcon_core.package_identification:_identify(src/oradar_ros) by extension 'ros'
[0.217s] DEBUG:colcon.colcon_core.package_identification:Package 'src/oradar_ros' with type 'ros.ament_cmake' and name 'oradar_lidar'
[0.217s] Level 1:colcon.colcon_core.package_identification:_identify(src/slam_gmapping) by extensions ['ignore', 'ignore_ament_install']
[0.217s] Level 1:colcon.colcon_core.package_identification:_identify(src/slam_gmapping) by extension 'ignore'
[0.217s] Level 1:colcon.colcon_core.package_identification:_identify(src/slam_gmapping) by extension 'ignore_ament_install'
[0.217s] Level 1:colcon.colcon_core.package_identification:_identify(src/slam_gmapping) by extensions ['colcon_pkg']
[0.217s] Level 1:colcon.colcon_core.package_identification:_identify(src/slam_gmapping) by extension 'colcon_pkg'
[0.217s] Level 1:colcon.colcon_core.package_identification:_identify(src/slam_gmapping) by extensions ['colcon_meta']
[0.217s] Level 1:colcon.colcon_core.package_identification:_identify(src/slam_gmapping) by extension 'colcon_meta'
[0.217s] Level 1:colcon.colcon_core.package_identification:_identify(src/slam_gmapping) by extensions ['ros']
[0.217s] Level 1:colcon.colcon_core.package_identification:_identify(src/slam_gmapping) by extension 'ros'
[0.218s] DEBUG:colcon.colcon_core.package_identification:Package 'src/slam_gmapping' with type 'ros.ament_cmake' and name 'slam_gmapping'
[0.218s] Level 1:colcon.colcon_core.package_discovery:discover_packages(recursive) using defaults
[0.218s] Level 1:colcon.colcon_core.package_discovery:discover_packages(ignore) discover
[0.218s] Level 1:colcon.colcon_core.package_discovery:discover_packages(ignore) using defaults
[0.218s] Level 1:colcon.colcon_core.package_discovery:discover_packages(path) discover
[0.218s] Level 1:colcon.colcon_core.package_discovery:discover_packages(path) using defaults
[0.227s] Level 1:colcon.colcon_core.package_discovery:discover_packages(prefix_path) check parameters
[0.227s] Level 1:colcon.colcon_core.package_discovery:discover_packages(prefix_path) discover
[0.229s] DEBUG:colcon.colcon_installed_package_information.package_discovery:Found 256 installed packages in /opt/ros/foxy
[0.230s] Level 1:colcon.colcon_core.package_discovery:discover_packages(prefix_path) using defaults
[0.266s] Level 5:colcon.colcon_core.verb:set package 'openslam_gmapping' build argument 'cmake_args' from command line to 'None'
[0.266s] Level 5:colcon.colcon_core.verb:set package 'openslam_gmapping' build argument 'cmake_target' from command line to 'None'
[0.267s] Level 5:colcon.colcon_core.verb:set package 'openslam_gmapping' build argument 'cmake_target_skip_unavailable' from command line to 'False'
[0.267s] Level 5:colcon.colcon_core.verb:set package 'openslam_gmapping' build argument 'cmake_clean_cache' from command line to 'False'
[0.267s] Level 5:colcon.colcon_core.verb:set package 'openslam_gmapping' build argument 'cmake_clean_first' from command line to 'False'
[0.267s] Level 5:colcon.colcon_core.verb:set package 'openslam_gmapping' build argument 'cmake_force_configure' from command line to 'False'
[0.267s] Level 5:colcon.colcon_core.verb:set package 'openslam_gmapping' build argument 'ament_cmake_args' from command line to 'None'
[0.267s] Level 5:colcon.colcon_core.verb:set package 'openslam_gmapping' build argument 'catkin_cmake_args' from command line to 'None'
[0.267s] Level 5:colcon.colcon_core.verb:set package 'openslam_gmapping' build argument 'catkin_skip_building_tests' from command line to 'False'
[0.267s] DEBUG:colcon.colcon_core.verb:Building package 'openslam_gmapping' with the following arguments: {'ament_cmake_args': None, 'build_base': '/home/up/oradar_ws/build/openslam_gmapping', 'catkin_cmake_args': None, 'catkin_skip_building_tests': False, 'cmake_args': None, 'cmake_clean_cache': False, 'cmake_clean_first': False, 'cmake_force_configure': False, 'cmake_target': None, 'cmake_target_skip_unavailable': False, 'install_base': '/home/up/oradar_ws/install/openslam_gmapping', 'merge_install': False, 'path': '/home/up/oradar_ws/src/openslam_gmapping', 'symlink_install': False, 'test_result_base': None}
[0.267s] Level 5:colcon.colcon_core.verb:set package 'oradar_lidar' build argument 'cmake_args' from command line to 'None'
[0.267s] Level 5:colcon.colcon_core.verb:set package 'oradar_lidar' build argument 'cmake_target' from command line to 'None'
[0.267s] Level 5:colcon.colcon_core.verb:set package 'oradar_lidar' build argument 'cmake_target_skip_unavailable' from command line to 'False'
[0.267s] Level 5:colcon.colcon_core.verb:set package 'oradar_lidar' build argument 'cmake_clean_cache' from command line to 'False'
[0.267s] Level 5:colcon.colcon_core.verb:set package 'oradar_lidar' build argument 'cmake_clean_first' from command line to 'False'
[0.267s] Level 5:colcon.colcon_core.verb:set package 'oradar_lidar' build argument 'cmake_force_configure' from command line to 'False'
[0.267s] Level 5:colcon.colcon_core.verb:set package 'oradar_lidar' build argument 'ament_cmake_args' from command line to 'None'
[0.267s] Level 5:colcon.colcon_core.verb:set package 'oradar_lidar' build argument 'catkin_cmake_args' from command line to 'None'
[0.267s] Level 5:colcon.colcon_core.verb:set package 'oradar_lidar' build argument 'catkin_skip_building_tests' from command line to 'False'
[0.267s] DEBUG:colcon.colcon_core.verb:Building package 'oradar_lidar' with the following arguments: {'ament_cmake_args': None, 'build_base': '/home/up/oradar_ws/build/oradar_lidar', 'catkin_cmake_args': None, 'catkin_skip_building_tests': False, 'cmake_args': None, 'cmake_clean_cache': False, 'cmake_clean_first': False, 'cmake_force_configure': False, 'cmake_target': None, 'cmake_target_skip_unavailable': False, 'install_base': '/home/up/oradar_ws/install/oradar_lidar', 'merge_install': False, 'path': '/home/up/oradar_ws/src/oradar_ros', 'symlink_install': False, 'test_result_base': None}
[0.267s] Level 5:colcon.colcon_core.verb:set package 'slam_gmapping' build argument 'cmake_args' from command line to 'None'
[0.267s] Level 5:colcon.colcon_core.verb:set package 'slam_gmapping' build argument 'cmake_target' from command line to 'None'
[0.267s] Level 5:colcon.colcon_core.verb:set package 'slam_gmapping' build argument 'cmake_target_skip_unavailable' from command line to 'False'
[0.267s] Level 5:colcon.colcon_core.verb:set package 'slam_gmapping' build argument 'cmake_clean_cache' from command line to 'False'
[0.267s] Level 5:colcon.colcon_core.verb:set package 'slam_gmapping' build argument 'cmake_clean_first' from command line to 'False'
[0.267s] Level 5:colcon.colcon_core.verb:set package 'slam_gmapping' build argument 'cmake_force_configure' from command line to 'False'
[0.267s] Level 5:colcon.colcon_core.verb:set package 'slam_gmapping' build argument 'ament_cmake_args' from command line to 'None'
[0.267s] Level 5:colcon.colcon_core.verb:set package 'slam_gmapping' build argument 'catkin_cmake_args' from command line to 'None'
[0.267s] Level 5:colcon.colcon_core.verb:set package 'slam_gmapping' build argument 'catkin_skip_building_tests' from command line to 'False'
[0.267s] DEBUG:colcon.colcon_core.verb:Building package 'slam_gmapping' with the following arguments: {'ament_cmake_args': None, 'build_base': '/home/up/oradar_ws/build/slam_gmapping', 'catkin_cmake_args': None, 'catkin_skip_building_tests': False, 'cmake_args': None, 'cmake_clean_cache': False, 'cmake_clean_first': False, 'cmake_force_configure': False, 'cmake_target': None, 'cmake_target_skip_unavailable': False, 'install_base': '/home/up/oradar_ws/install/slam_gmapping', 'merge_install': False, 'path': '/home/up/oradar_ws/src/slam_gmapping', 'symlink_install': False, 'test_result_base': None}
[0.267s] INFO:colcon.colcon_core.executor:Executing jobs using 'parallel' executor
[0.268s] DEBUG:colcon.colcon_parallel_executor.executor.parallel:run_until_complete
[0.268s] INFO:colcon.colcon_ros.task.ament_cmake.build:Building ROS package in '/home/up/oradar_ws/src/openslam_gmapping' with build type 'ament_cmake'
[0.269s] INFO:colcon.colcon_cmake.task.cmake.build:Building CMake package in '/home/up/oradar_ws/src/openslam_gmapping'
[0.270s] INFO:colcon.colcon_core.plugin_system:Skipping extension 'colcon_core.shell.bat': Not used on non-Windows systems
[0.270s] INFO:colcon.colcon_core.shell:Skip shell extension 'powershell' for command environment: Not usable outside of PowerShell
[0.270s] DEBUG:colcon.colcon_core.shell:Skip shell extension 'dsv' for command environment
[0.274s] INFO:colcon.colcon_ros.task.ament_cmake.build:Building ROS package in '/home/up/oradar_ws/src/oradar_ros' with build type 'ament_cmake'
[0.274s] INFO:colcon.colcon_cmake.task.cmake.build:Building CMake package in '/home/up/oradar_ws/src/oradar_ros'
[0.274s] INFO:colcon.colcon_core.shell:Skip shell extension 'powershell' for command environment: Not usable outside of PowerShell
[0.274s] DEBUG:colcon.colcon_core.shell:Skip shell extension 'dsv' for command environment
[0.281s] DEBUG:colcon.colcon_core.event_handler.log_command:Invoking command in '/home/up/oradar_ws/build/openslam_gmapping': CMAKE_PREFIX_PATH=/opt/ros/foxy /usr/bin/cmake /home/up/oradar_ws/src/openslam_gmapping -DCMAKE_INSTALL_PREFIX=/home/up/oradar_ws/install/openslam_gmapping
[0.289s] DEBUG:colcon.colcon_core.event_handler.log_command:Invoking command in '/home/up/oradar_ws/build/oradar_lidar': CMAKE_PREFIX_PATH=/opt/ros/foxy /usr/bin/cmake /home/up/oradar_ws/src/oradar_ros -DCMAKE_INSTALL_PREFIX=/home/up/oradar_ws/install/oradar_lidar
[0.803s] DEBUG:colcon.colcon_core.event_handler.log_command:Invoked command in '/home/up/oradar_ws/build/oradar_lidar' returned '0': CMAKE_PREFIX_PATH=/opt/ros/foxy /usr/bin/cmake /home/up/oradar_ws/src/oradar_ros -DCMAKE_INSTALL_PREFIX=/home/up/oradar_ws/install/oradar_lidar
[0.806s] DEBUG:colcon.colcon_core.event_handler.log_command:Invoking command in '/home/up/oradar_ws/build/oradar_lidar': CMAKE_PREFIX_PATH=/opt/ros/foxy /usr/bin/cmake --build /home/up/oradar_ws/build/oradar_lidar -- -j8 -l8
[0.822s] DEBUG:colcon.colcon_core.event_handler.log_command:Invoked command in '/home/up/oradar_ws/build/openslam_gmapping' returned '0': CMAKE_PREFIX_PATH=/opt/ros/foxy /usr/bin/cmake /home/up/oradar_ws/src/openslam_gmapping -DCMAKE_INSTALL_PREFIX=/home/up/oradar_ws/install/openslam_gmapping
[0.822s] DEBUG:colcon.colcon_core.event_handler.log_command:Invoking command in '/home/up/oradar_ws/build/openslam_gmapping': CMAKE_PREFIX_PATH=/opt/ros/foxy /usr/bin/cmake --build /home/up/oradar_ws/build/openslam_gmapping -- -j8 -l8
[0.887s] DEBUG:colcon.colcon_core.event_handler.log_command:Invoked command in '/home/up/oradar_ws/build/oradar_lidar' returned '0': CMAKE_PREFIX_PATH=/opt/ros/foxy /usr/bin/cmake --build /home/up/oradar_ws/build/oradar_lidar -- -j8 -l8
[0.927s] DEBUG:colcon.colcon_core.event_handler.log_command:Invoking command in '/home/up/oradar_ws/build/oradar_lidar': CMAKE_PREFIX_PATH=/opt/ros/foxy /usr/bin/cmake --install /home/up/oradar_ws/build/oradar_lidar
[0.956s] Level 1:colcon.colcon_core.environment:create_environment_scripts_only(oradar_lidar)
[0.957s] DEBUG:colcon.colcon_core.event_handler.log_command:Invoked command in '/home/up/oradar_ws/build/oradar_lidar' returned '0': CMAKE_PREFIX_PATH=/opt/ros/foxy /usr/bin/cmake --install /home/up/oradar_ws/build/oradar_lidar
[0.958s] Level 1:colcon.colcon_core.environment:checking '/home/up/oradar_ws/install/oradar_lidar' for CMake module files
[0.958s] Level 1:colcon.colcon_core.environment:checking '/home/up/oradar_ws/install/oradar_lidar' for CMake config files
[0.959s] Level 1:colcon.colcon_core.shell:create_environment_hook('oradar_lidar', 'cmake_prefix_path')
[0.959s] INFO:colcon.colcon_core.shell:Creating environment hook '/home/up/oradar_ws/install/oradar_lidar/share/oradar_lidar/hook/cmake_prefix_path.ps1'
[0.960s] INFO:colcon.colcon_core.shell:Creating environment descriptor '/home/up/oradar_ws/install/oradar_lidar/share/oradar_lidar/hook/cmake_prefix_path.dsv'
[0.960s] INFO:colcon.colcon_core.shell:Creating environment hook '/home/up/oradar_ws/install/oradar_lidar/share/oradar_lidar/hook/cmake_prefix_path.sh'
[0.961s] Level 1:colcon.colcon_core.environment:checking '/home/up/oradar_ws/install/oradar_lidar/lib'
[0.961s] Level 1:colcon.colcon_core.environment:checking '/home/up/oradar_ws/install/oradar_lidar/bin'
[0.961s] Level 1:colcon.colcon_core.shell:create_environment_hook('oradar_lidar', 'path')
[0.961s] INFO:colcon.colcon_core.shell:Creating environment hook '/home/up/oradar_ws/install/oradar_lidar/share/oradar_lidar/hook/path.ps1'
[0.961s] INFO:colcon.colcon_core.shell:Creating environment descriptor '/home/up/oradar_ws/install/oradar_lidar/share/oradar_lidar/hook/path.dsv'
[0.962s] INFO:colcon.colcon_core.shell:Creating environment hook '/home/up/oradar_ws/install/oradar_lidar/share/oradar_lidar/hook/path.sh'
[0.962s] Level 1:colcon.colcon_core.environment:checking '/home/up/oradar_ws/install/oradar_lidar/lib/pkgconfig/oradar_lidar.pc'
[0.962s] Level 1:colcon.colcon_core.environment:checking '/home/up/oradar_ws/install/oradar_lidar/lib/python3.8/site-packages'
[0.962s] Level 1:colcon.colcon_core.environment:checking '/home/up/oradar_ws/install/oradar_lidar/bin'
[0.962s] Level 1:colcon.colcon_core.shell:create_environment_hook('oradar_lidar', 'pythonscriptspath')
[0.963s] INFO:colcon.colcon_core.shell:Creating environment hook '/home/up/oradar_ws/install/oradar_lidar/share/oradar_lidar/hook/pythonscriptspath.ps1'
[0.963s] INFO:colcon.colcon_core.shell:Creating environment descriptor '/home/up/oradar_ws/install/oradar_lidar/share/oradar_lidar/hook/pythonscriptspath.dsv'
[0.963s] INFO:colcon.colcon_core.shell:Creating environment hook '/home/up/oradar_ws/install/oradar_lidar/share/oradar_lidar/hook/pythonscriptspath.sh'
[0.964s] INFO:colcon.colcon_core.shell:Creating package script '/home/up/oradar_ws/install/oradar_lidar/share/oradar_lidar/package.ps1'
[0.964s] INFO:colcon.colcon_core.shell:Creating package descriptor '/home/up/oradar_ws/install/oradar_lidar/share/oradar_lidar/package.dsv'
[0.965s] INFO:colcon.colcon_core.shell:Creating package script '/home/up/oradar_ws/install/oradar_lidar/share/oradar_lidar/package.sh'
[0.965s] INFO:colcon.colcon_core.shell:Creating package script '/home/up/oradar_ws/install/oradar_lidar/share/oradar_lidar/package.bash'
[0.966s] INFO:colcon.colcon_core.shell:Creating package script '/home/up/oradar_ws/install/oradar_lidar/share/oradar_lidar/package.zsh'
[0.966s] Level 1:colcon.colcon_core.environment:create_file_with_runtime_dependencies(/home/up/oradar_ws/install/oradar_lidar/share/colcon-core/packages/oradar_lidar)
[0.999s] Level 1:colcon.colcon_core.environment:create_environment_scripts_only(oradar_lidar)
[0.999s] Level 1:colcon.colcon_core.environment:checking '/home/up/oradar_ws/install/oradar_lidar' for CMake module files
[0.999s] Level 1:colcon.colcon_core.environment:checking '/home/up/oradar_ws/install/oradar_lidar' for CMake config files
[1.000s] Level 1:colcon.colcon_core.shell:create_environment_hook('oradar_lidar', 'cmake_prefix_path')
[1.000s] INFO:colcon.colcon_core.shell:Creating environment hook '/home/up/oradar_ws/install/oradar_lidar/share/oradar_lidar/hook/cmake_prefix_path.ps1'
[1.001s] INFO:colcon.colcon_core.shell:Creating environment descriptor '/home/up/oradar_ws/install/oradar_lidar/share/oradar_lidar/hook/cmake_prefix_path.dsv'
[1.001s] INFO:colcon.colcon_core.shell:Creating environment hook '/home/up/oradar_ws/install/oradar_lidar/share/oradar_lidar/hook/cmake_prefix_path.sh'
[1.002s] Level 1:colcon.colcon_core.environment:checking '/home/up/oradar_ws/install/oradar_lidar/lib'
[1.002s] Level 1:colcon.colcon_core.environment:checking '/home/up/oradar_ws/install/oradar_lidar/bin'
[1.002s] Level 1:colcon.colcon_core.shell:create_environment_hook('oradar_lidar', 'path')
[1.002s] INFO:colcon.colcon_core.shell:Creating environment hook '/home/up/oradar_ws/install/oradar_lidar/share/oradar_lidar/hook/path.ps1'
[1.003s] INFO:colcon.colcon_core.shell:Creating environment descriptor '/home/up/oradar_ws/install/oradar_lidar/share/oradar_lidar/hook/path.dsv'
[1.003s] INFO:colcon.colcon_core.shell:Creating environment hook '/home/up/oradar_ws/install/oradar_lidar/share/oradar_lidar/hook/path.sh'
[1.003s] Level 1:colcon.colcon_core.environment:checking '/home/up/oradar_ws/install/oradar_lidar/lib/pkgconfig/oradar_lidar.pc'
[1.004s] Level 1:colcon.colcon_core.environment:checking '/home/up/oradar_ws/install/oradar_lidar/lib/python3.8/site-packages'
[1.004s] Level 1:colcon.colcon_core.environment:checking '/home/up/oradar_ws/install/oradar_lidar/bin'
[1.004s] Level 1:colcon.colcon_core.shell:create_environment_hook('oradar_lidar', 'pythonscriptspath')
[1.004s] INFO:colcon.colcon_core.shell:Creating environment hook '/home/up/oradar_ws/install/oradar_lidar/share/oradar_lidar/hook/pythonscriptspath.ps1'
[1.004s] INFO:colcon.colcon_core.shell:Creating environment descriptor '/home/up/oradar_ws/install/oradar_lidar/share/oradar_lidar/hook/pythonscriptspath.dsv'
[1.005s] INFO:colcon.colcon_core.shell:Creating environment hook '/home/up/oradar_ws/install/oradar_lidar/share/oradar_lidar/hook/pythonscriptspath.sh'
[1.005s] INFO:colcon.colcon_core.shell:Creating package script '/home/up/oradar_ws/install/oradar_lidar/share/oradar_lidar/package.ps1'
[1.005s] INFO:colcon.colcon_core.shell:Creating package descriptor '/home/up/oradar_ws/install/oradar_lidar/share/oradar_lidar/package.dsv'
[1.006s] INFO:colcon.colcon_core.shell:Creating package script '/home/up/oradar_ws/install/oradar_lidar/share/oradar_lidar/package.sh'
[1.006s] INFO:colcon.colcon_core.shell:Creating package script '/home/up/oradar_ws/install/oradar_lidar/share/oradar_lidar/package.bash'
[1.007s] INFO:colcon.colcon_core.shell:Creating package script '/home/up/oradar_ws/install/oradar_lidar/share/oradar_lidar/package.zsh'
[1.007s] Level 1:colcon.colcon_core.environment:create_file_with_runtime_dependencies(/home/up/oradar_ws/install/oradar_lidar/share/colcon-core/packages/oradar_lidar)
[3.117s] DEBUG:colcon.colcon_core.event_handler.log_command:Invoked command in '/home/up/oradar_ws/build/openslam_gmapping' returned '0': CMAKE_PREFIX_PATH=/opt/ros/foxy /usr/bin/cmake --build /home/up/oradar_ws/build/openslam_gmapping -- -j8 -l8
[3.142s] DEBUG:colcon.colcon_core.event_handler.log_command:Invoking command in '/home/up/oradar_ws/build/openslam_gmapping': CMAKE_PREFIX_PATH=/opt/ros/foxy /usr/bin/cmake --install /home/up/oradar_ws/build/openslam_gmapping
[3.158s] Level 1:colcon.colcon_core.environment:create_environment_scripts_only(openslam_gmapping)
[3.159s] Level 1:colcon.colcon_core.environment:checking '/home/up/oradar_ws/install/openslam_gmapping' for CMake module files
[3.159s] DEBUG:colcon.colcon_core.event_handler.log_command:Invoked command in '/home/up/oradar_ws/build/openslam_gmapping' returned '0': CMAKE_PREFIX_PATH=/opt/ros/foxy /usr/bin/cmake --install /home/up/oradar_ws/build/openslam_gmapping
[3.159s] Level 1:colcon.colcon_core.environment:checking '/home/up/oradar_ws/install/openslam_gmapping' for CMake config files
[3.160s] Level 1:colcon.colcon_core.shell:create_environment_hook('openslam_gmapping', 'cmake_prefix_path')
[3.160s] INFO:colcon.colcon_core.shell:Creating environment hook '/home/up/oradar_ws/install/openslam_gmapping/share/openslam_gmapping/hook/cmake_prefix_path.ps1'
[3.160s] INFO:colcon.colcon_core.shell:Creating environment descriptor '/home/up/oradar_ws/install/openslam_gmapping/share/openslam_gmapping/hook/cmake_prefix_path.dsv'
[3.160s] INFO:colcon.colcon_core.shell:Creating environment hook '/home/up/oradar_ws/install/openslam_gmapping/share/openslam_gmapping/hook/cmake_prefix_path.sh'
[3.161s] Level 1:colcon.colcon_core.environment:checking '/home/up/oradar_ws/install/openslam_gmapping/lib'
[3.161s] Level 1:colcon.colcon_core.environment:checking '/home/up/oradar_ws/install/openslam_gmapping/bin'
[3.161s] Level 1:colcon.colcon_core.environment:checking '/home/up/oradar_ws/install/openslam_gmapping/lib/pkgconfig/openslam_gmapping.pc'
[3.161s] Level 1:colcon.colcon_core.environment:checking '/home/up/oradar_ws/install/openslam_gmapping/lib/python3.8/site-packages'
[3.161s] Level 1:colcon.colcon_core.environment:checking '/home/up/oradar_ws/install/openslam_gmapping/bin'
[3.161s] INFO:colcon.colcon_core.shell:Creating package script '/home/up/oradar_ws/install/openslam_gmapping/share/openslam_gmapping/package.ps1'
[3.161s] INFO:colcon.colcon_core.shell:Creating package descriptor '/home/up/oradar_ws/install/openslam_gmapping/share/openslam_gmapping/package.dsv'
[3.162s] INFO:colcon.colcon_core.shell:Creating package script '/home/up/oradar_ws/install/openslam_gmapping/share/openslam_gmapping/package.sh'
[3.162s] INFO:colcon.colcon_core.shell:Creating package script '/home/up/oradar_ws/install/openslam_gmapping/share/openslam_gmapping/package.bash'
[3.162s] INFO:colcon.colcon_core.shell:Creating package script '/home/up/oradar_ws/install/openslam_gmapping/share/openslam_gmapping/package.zsh'
[3.162s] Level 1:colcon.colcon_core.environment:create_file_with_runtime_dependencies(/home/up/oradar_ws/install/openslam_gmapping/share/colcon-core/packages/openslam_gmapping)
[3.187s] Level 1:colcon.colcon_core.environment:create_environment_scripts_only(openslam_gmapping)
[3.187s] Level 1:colcon.colcon_core.environment:checking '/home/up/oradar_ws/install/openslam_gmapping' for CMake module files
[3.187s] Level 1:colcon.colcon_core.environment:checking '/home/up/oradar_ws/install/openslam_gmapping' for CMake config files
[3.188s] Level 1:colcon.colcon_core.shell:create_environment_hook('openslam_gmapping', 'cmake_prefix_path')
[3.188s] INFO:colcon.colcon_core.shell:Creating environment hook '/home/up/oradar_ws/install/openslam_gmapping/share/openslam_gmapping/hook/cmake_prefix_path.ps1'
[3.188s] INFO:colcon.colcon_core.shell:Creating environment descriptor '/home/up/oradar_ws/install/openslam_gmapping/share/openslam_gmapping/hook/cmake_prefix_path.dsv'
[3.189s] INFO:colcon.colcon_core.shell:Creating environment hook '/home/up/oradar_ws/install/openslam_gmapping/share/openslam_gmapping/hook/cmake_prefix_path.sh'
[3.189s] Level 1:colcon.colcon_core.environment:checking '/home/up/oradar_ws/install/openslam_gmapping/lib'
[3.189s] Level 1:colcon.colcon_core.environment:checking '/home/up/oradar_ws/install/openslam_gmapping/bin'
[3.189s] Level 1:colcon.colcon_core.environment:checking '/home/up/oradar_ws/install/openslam_gmapping/lib/pkgconfig/openslam_gmapping.pc'
[3.190s] Level 1:colcon.colcon_core.environment:checking '/home/up/oradar_ws/install/openslam_gmapping/lib/python3.8/site-packages'
[3.190s] Level 1:colcon.colcon_core.environment:checking '/home/up/oradar_ws/install/openslam_gmapping/bin'
[3.190s] INFO:colcon.colcon_core.shell:Creating package script '/home/up/oradar_ws/install/openslam_gmapping/share/openslam_gmapping/package.ps1'
[3.190s] INFO:colcon.colcon_core.shell:Creating package descriptor '/home/up/oradar_ws/install/openslam_gmapping/share/openslam_gmapping/package.dsv'
[3.190s] INFO:colcon.colcon_core.shell:Creating package script '/home/up/oradar_ws/install/openslam_gmapping/share/openslam_gmapping/package.sh'
[3.191s] INFO:colcon.colcon_core.shell:Creating package script '/home/up/oradar_ws/install/openslam_gmapping/share/openslam_gmapping/package.bash'
[3.191s] INFO:colcon.colcon_core.shell:Creating package script '/home/up/oradar_ws/install/openslam_gmapping/share/openslam_gmapping/package.zsh'
[3.191s] Level 1:colcon.colcon_core.environment:create_file_with_runtime_dependencies(/home/up/oradar_ws/install/openslam_gmapping/share/colcon-core/packages/openslam_gmapping)
[3.192s] INFO:colcon.colcon_ros.task.ament_cmake.build:Building ROS package in '/home/up/oradar_ws/src/slam_gmapping' with build type 'ament_cmake'
[3.192s] INFO:colcon.colcon_cmake.task.cmake.build:Building CMake package in '/home/up/oradar_ws/src/slam_gmapping'
[3.192s] INFO:colcon.colcon_core.shell:Skip shell extension 'powershell' for command environment: Not usable outside of PowerShell
[3.192s] DEBUG:colcon.colcon_core.shell:Skip shell extension 'dsv' for command environment
[3.202s] DEBUG:colcon.colcon_core.event_handler.log_command:Invoking command in '/home/up/oradar_ws/build/slam_gmapping': AMENT_PREFIX_PATH=/home/up/oradar_ws/install/openslam_gmapping:${AMENT_PREFIX_PATH} CMAKE_PREFIX_PATH=/home/up/oradar_ws/install/openslam_gmapping:/opt/ros/foxy LD_LIBRARY_PATH=/home/up/oradar_ws/install/openslam_gmapping/lib:${LD_LIBRARY_PATH} /usr/bin/cmake /home/up/oradar_ws/src/slam_gmapping -DCMAKE_INSTALL_PREFIX=/home/up/oradar_ws/install/slam_gmapping
[4.726s] DEBUG:colcon.colcon_core.event_handler.log_command:Invoked command in '/home/up/oradar_ws/build/slam_gmapping' returned '0': AMENT_PREFIX_PATH=/home/up/oradar_ws/install/openslam_gmapping:${AMENT_PREFIX_PATH} CMAKE_PREFIX_PATH=/home/up/oradar_ws/install/openslam_gmapping:/opt/ros/foxy LD_LIBRARY_PATH=/home/up/oradar_ws/install/openslam_gmapping/lib:${LD_LIBRARY_PATH} /usr/bin/cmake /home/up/oradar_ws/src/slam_gmapping -DCMAKE_INSTALL_PREFIX=/home/up/oradar_ws/install/slam_gmapping
[4.729s] DEBUG:colcon.colcon_core.event_handler.log_command:Invoking command in '/home/up/oradar_ws/build/slam_gmapping': AMENT_PREFIX_PATH=/home/up/oradar_ws/install/openslam_gmapping:${AMENT_PREFIX_PATH} CMAKE_PREFIX_PATH=/home/up/oradar_ws/install/openslam_gmapping:/opt/ros/foxy LD_LIBRARY_PATH=/home/up/oradar_ws/install/openslam_gmapping/lib:${LD_LIBRARY_PATH} /usr/bin/cmake --build /home/up/oradar_ws/build/slam_gmapping -- -j8 -l8
[10.880s] DEBUG:colcon.colcon_core.event_handler.log_command:Invoked command in '/home/up/oradar_ws/build/slam_gmapping' returned '0': AMENT_PREFIX_PATH=/home/up/oradar_ws/install/openslam_gmapping:${AMENT_PREFIX_PATH} CMAKE_PREFIX_PATH=/home/up/oradar_ws/install/openslam_gmapping:/opt/ros/foxy LD_LIBRARY_PATH=/home/up/oradar_ws/install/openslam_gmapping/lib:${LD_LIBRARY_PATH} /usr/bin/cmake --build /home/up/oradar_ws/build/slam_gmapping -- -j8 -l8
[10.908s] DEBUG:colcon.colcon_core.event_handler.log_command:Invoking command in '/home/up/oradar_ws/build/slam_gmapping': AMENT_PREFIX_PATH=/home/up/oradar_ws/install/openslam_gmapping:${AMENT_PREFIX_PATH} CMAKE_PREFIX_PATH=/home/up/oradar_ws/install/openslam_gmapping:/opt/ros/foxy LD_LIBRARY_PATH=/home/up/oradar_ws/install/openslam_gmapping/lib:${LD_LIBRARY_PATH} /usr/bin/cmake --install /home/up/oradar_ws/build/slam_gmapping
[10.924s] Level 1:colcon.colcon_core.environment:create_environment_scripts_only(slam_gmapping)
[10.925s] Level 1:colcon.colcon_core.environment:checking '/home/up/oradar_ws/install/slam_gmapping' for CMake module files
[10.925s] DEBUG:colcon.colcon_core.event_handler.log_command:Invoked command in '/home/up/oradar_ws/build/slam_gmapping' returned '0': AMENT_PREFIX_PATH=/home/up/oradar_ws/install/openslam_gmapping:${AMENT_PREFIX_PATH} CMAKE_PREFIX_PATH=/home/up/oradar_ws/install/openslam_gmapping:/opt/ros/foxy LD_LIBRARY_PATH=/home/up/oradar_ws/install/openslam_gmapping/lib:${LD_LIBRARY_PATH} /usr/bin/cmake --install /home/up/oradar_ws/build/slam_gmapping
[10.925s] Level 1:colcon.colcon_core.environment:checking '/home/up/oradar_ws/install/slam_gmapping' for CMake config files
[10.925s] Level 1:colcon.colcon_core.shell:create_environment_hook('slam_gmapping', 'cmake_prefix_path')
[10.926s] INFO:colcon.colcon_core.shell:Creating environment hook '/home/up/oradar_ws/install/slam_gmapping/share/slam_gmapping/hook/cmake_prefix_path.ps1'
[10.926s] INFO:colcon.colcon_core.shell:Creating environment descriptor '/home/up/oradar_ws/install/slam_gmapping/share/slam_gmapping/hook/cmake_prefix_path.dsv'
[10.926s] INFO:colcon.colcon_core.shell:Creating environment hook '/home/up/oradar_ws/install/slam_gmapping/share/slam_gmapping/hook/cmake_prefix_path.sh'
[10.926s] Level 1:colcon.colcon_core.environment:checking '/home/up/oradar_ws/install/slam_gmapping/lib'
[10.926s] Level 1:colcon.colcon_core.environment:checking '/home/up/oradar_ws/install/slam_gmapping/bin'
[10.927s] Level 1:colcon.colcon_core.environment:checking '/home/up/oradar_ws/install/slam_gmapping/lib/pkgconfig/slam_gmapping.pc'
[10.927s] Level 1:colcon.colcon_core.environment:checking '/home/up/oradar_ws/install/slam_gmapping/lib/python3.8/site-packages'
[10.927s] Level 1:colcon.colcon_core.environment:checking '/home/up/oradar_ws/install/slam_gmapping/bin'
[10.927s] INFO:colcon.colcon_core.shell:Creating package script '/home/up/oradar_ws/install/slam_gmapping/share/slam_gmapping/package.ps1'
[10.927s] INFO:colcon.colcon_core.shell:Creating package descriptor '/home/up/oradar_ws/install/slam_gmapping/share/slam_gmapping/package.dsv'
[10.928s] INFO:colcon.colcon_core.shell:Creating package script '/home/up/oradar_ws/install/slam_gmapping/share/slam_gmapping/package.sh'
[10.928s] INFO:colcon.colcon_core.shell:Creating package script '/home/up/oradar_ws/install/slam_gmapping/share/slam_gmapping/package.bash'
[10.928s] INFO:colcon.colcon_core.shell:Creating package script '/home/up/oradar_ws/install/slam_gmapping/share/slam_gmapping/package.zsh'
[10.928s] Level 1:colcon.colcon_core.environment:create_file_with_runtime_dependencies(/home/up/oradar_ws/install/slam_gmapping/share/colcon-core/packages/slam_gmapping)
[10.955s] Level 1:colcon.colcon_core.environment:create_environment_scripts_only(slam_gmapping)
[10.955s] Level 1:colcon.colcon_core.environment:checking '/home/up/oradar_ws/install/slam_gmapping' for CMake module files
[10.956s] Level 1:colcon.colcon_core.environment:checking '/home/up/oradar_ws/install/slam_gmapping' for CMake config files
[10.956s] Level 1:colcon.colcon_core.shell:create_environment_hook('slam_gmapping', 'cmake_prefix_path')
[10.956s] INFO:colcon.colcon_core.shell:Creating environment hook '/home/up/oradar_ws/install/slam_gmapping/share/slam_gmapping/hook/cmake_prefix_path.ps1'
[10.957s] INFO:colcon.colcon_core.shell:Creating environment descriptor '/home/up/oradar_ws/install/slam_gmapping/share/slam_gmapping/hook/cmake_prefix_path.dsv'
[10.957s] INFO:colcon.colcon_core.shell:Creating environment hook '/home/up/oradar_ws/install/slam_gmapping/share/slam_gmapping/hook/cmake_prefix_path.sh'
[10.957s] Level 1:colcon.colcon_core.environment:checking '/home/up/oradar_ws/install/slam_gmapping/lib'
[10.957s] Level 1:colcon.colcon_core.environment:checking '/home/up/oradar_ws/install/slam_gmapping/bin'
[10.958s] Level 1:colcon.colcon_core.environment:checking '/home/up/oradar_ws/install/slam_gmapping/lib/pkgconfig/slam_gmapping.pc'
[10.958s] Level 1:colcon.colcon_core.environment:checking '/home/up/oradar_ws/install/slam_gmapping/lib/python3.8/site-packages'
[10.958s] Level 1:colcon.colcon_core.environment:checking '/home/up/oradar_ws/install/slam_gmapping/bin'
[10.958s] INFO:colcon.colcon_core.shell:Creating package script '/home/up/oradar_ws/install/slam_gmapping/share/slam_gmapping/package.ps1'
[10.958s] INFO:colcon.colcon_core.shell:Creating package descriptor '/home/up/oradar_ws/install/slam_gmapping/share/slam_gmapping/package.dsv'
[10.959s] INFO:colcon.colcon_core.shell:Creating package script '/home/up/oradar_ws/install/slam_gmapping/share/slam_gmapping/package.sh'
[10.959s] INFO:colcon.colcon_core.shell:Creating package script '/home/up/oradar_ws/install/slam_gmapping/share/slam_gmapping/package.bash'
[10.959s] INFO:colcon.colcon_core.shell:Creating package script '/home/up/oradar_ws/install/slam_gmapping/share/slam_gmapping/package.zsh'
[10.960s] Level 1:colcon.colcon_core.environment:create_file_with_runtime_dependencies(/home/up/oradar_ws/install/slam_gmapping/share/colcon-core/packages/slam_gmapping)
[10.960s] DEBUG:colcon.colcon_parallel_executor.executor.parallel:closing loop
[10.960s] DEBUG:colcon.colcon_parallel_executor.executor.parallel:loop closed
[10.960s] DEBUG:colcon.colcon_parallel_executor.executor.parallel:run_until_complete finished with '0'
[10.960s] DEBUG:colcon.colcon_core.event_reactor:joining thread
[10.966s] INFO:colcon.colcon_core.plugin_system:Skipping extension 'colcon_notification.desktop_notification.terminal_notifier': Not used on non-Darwin systems
[10.966s] INFO:colcon.colcon_core.plugin_system:Skipping extension 'colcon_notification.desktop_notification.win32': Not used on non-Windows systems
[10.966s] INFO:colcon.colcon_notification.desktop_notification:Sending desktop notification using 'notify2'
[10.977s] DEBUG:colcon.colcon_core.event_reactor:joined thread
[10.978s] INFO:colcon.colcon_core.shell:Creating prefix script '/home/up/oradar_ws/install/local_setup.ps1'
[10.978s] INFO:colcon.colcon_core.shell:Creating prefix util module '/home/up/oradar_ws/install/_local_setup_util_ps1.py'
[10.979s] INFO:colcon.colcon_core.shell:Creating prefix chain script '/home/up/oradar_ws/install/setup.ps1'
[10.980s] INFO:colcon.colcon_core.shell:Creating prefix script '/home/up/oradar_ws/install/local_setup.sh'
[10.981s] INFO:colcon.colcon_core.shell:Creating prefix util module '/home/up/oradar_ws/install/_local_setup_util_sh.py'
[10.981s] INFO:colcon.colcon_core.shell:Creating prefix chain script '/home/up/oradar_ws/install/setup.sh'
[10.982s] INFO:colcon.colcon_core.shell:Creating prefix script '/home/up/oradar_ws/install/local_setup.bash'
[10.982s] INFO:colcon.colcon_core.shell:Creating prefix chain script '/home/up/oradar_ws/install/setup.bash'
[10.983s] INFO:colcon.colcon_core.shell:Creating prefix script '/home/up/oradar_ws/install/local_setup.zsh'
[10.983s] INFO:colcon.colcon_core.shell:Creating prefix chain script '/home/up/oradar_ws/install/setup.zsh'
