-- Found PythonInterp: /usr/bin/python3 (found suitable version "3.8.10", minimum required is "3") 
-- Using PYTHON_EXECUTABLE: /usr/bin/python3
-- Override CMake install command with custom implementation using symlinks instead of copying resources
-- Using all available rosidl_typesupport_c: rosidl_typesupport_fastrtps_c;rosidl_typesupport_introspection_c
-- Found rosidl_adapter: 1.3.1 (/opt/ros/foxy/share/rosidl_adapter/cmake)
-- Using all available rosidl_typesupport_cpp: rosidl_typesupport_fastrtps_cpp;rosidl_typesupport_introspection_cpp
-- Found rmw_implementation_cmake: 1.0.4 (/opt/ros/foxy/share/rmw_implementation_cmake/cmake)
-- Using RMW implementation 'rmw_fastrtps_cpp' as default
-- Found sensor_msgs: 2.0.5 (/opt/ros/foxy/share/sensor_msgs/cmake)
-- Could NOT find SWIG (missing: SWIG_EXECUTABLE SWIG_DIR) 
-- Found PythonInterp: /usr/bin/python3 (found version "3.8.10") 
-- Configuring done
-- Generating done
-- Build files have been written to: /home/up/oradar_ws/build/oradar_lidar
[ 60%] Built target oradar_sdk
[ 70%] Built target blocking_c_api_test
[ 80%] Built target non-blocking_test
[ 90%] Built target blocking_test
[100%] Built target oradar_scan
-- Install configuration: "RELEASE"
-- Execute custom install script
-- Up-to-date symlink: /home/up/oradar_ws/install/oradar_lidar/bin/blocking_test
-- Up-to-date symlink: /home/up/oradar_ws/install/oradar_lidar/bin/non-blocking_test
-- Up-to-date symlink: /home/up/oradar_ws/install/oradar_lidar/bin/blocking_c_api_test
-- Up-to-date symlink: /home/up/oradar_ws/install/oradar_lidar/include/core/base/datatype.h
-- Up-to-date symlink: /home/up/oradar_ws/install/oradar_lidar/include/core/base/locker.h
-- Up-to-date symlink: /home/up/oradar_ws/install/oradar_lidar/include/core/base/thread.h
-- Up-to-date symlink: /home/up/oradar_ws/install/oradar_lidar/include/core/base/timer.h
-- Up-to-date symlink: /home/up/oradar_ws/install/oradar_lidar/include/core/base/typedef.h
-- Up-to-date symlink: /home/up/oradar_ws/install/oradar_lidar/include/core/base/utils.h
-- Up-to-date symlink: /home/up/oradar_ws/install/oradar_lidar/include/core/base/v8stdint.h
-- Up-to-date symlink: /home/up/oradar_ws/install/oradar_lidar/include/core/common/ChannelDevice.h
-- Up-to-date symlink: /home/up/oradar_ws/install/oradar_lidar/include/core/math/angles.h
-- Up-to-date symlink: /home/up/oradar_ws/install/oradar_lidar/include/core/network/ActiveSocket.h
-- Up-to-date symlink: /home/up/oradar_ws/install/oradar_lidar/include/core/network/PassiveSocket.h
-- Up-to-date symlink: /home/up/oradar_ws/install/oradar_lidar/include/core/network/SimpleSocket.h
-- Up-to-date symlink: /home/up/oradar_ws/install/oradar_lidar/include/core/network/StatTimer.h
-- Up-to-date symlink: /home/up/oradar_ws/install/oradar_lidar/include/core/serial/common.h
-- Up-to-date symlink: /home/up/oradar_ws/install/oradar_lidar/include/core/serial/serial.h
-- Up-to-date symlink: /home/up/oradar_ws/install/oradar_lidar/include/core/serial/impl/unix/lock.h
-- Up-to-date symlink: /home/up/oradar_ws/install/oradar_lidar/include/core/serial/impl/unix/unix.h
-- Up-to-date symlink: /home/up/oradar_ws/install/oradar_lidar/include/core/serial/impl/unix/unix_serial.h
-- Up-to-date symlink: /home/up/oradar_ws/install/oradar_lidar/include/src/ord_lidar_c_api_driver.h
-- Up-to-date symlink: /home/up/oradar_ws/install/oradar_lidar/include/src/ord_lidar_driver.h
-- Up-to-date symlink: /home/up/oradar_ws/install/oradar_lidar/include/src/ordlidar_protocol.h
-- Up-to-date symlink: /home/up/oradar_ws/install/oradar_lidar/include/src/filters/FullScanFilter.h
-- Up-to-date symlink: /home/up/oradar_ws/install/oradar_lidar/lib/liboradar_sdk.a
-- Up-to-date symlink: /home/up/oradar_ws/install/oradar_lidar/lib/oradar_lidar/oradar_scan
-- Up-to-date symlink: /home/up/oradar_ws/install/oradar_lidar/share/oradar_lidar//launch/ms200_scan.launch
-- Up-to-date symlink: /home/up/oradar_ws/install/oradar_lidar/share/oradar_lidar//launch/ms200_scan.launch.py
-- Up-to-date symlink: /home/up/oradar_ws/install/oradar_lidar/share/oradar_lidar//launch/ms200_scan_gmapping.launch.py
-- Up-to-date symlink: /home/up/oradar_ws/install/oradar_lidar/share/oradar_lidar//launch/ms200_scan_view.launch
-- Up-to-date symlink: /home/up/oradar_ws/install/oradar_lidar/share/oradar_lidar//launch/ms200_scan_view.launch.py
-- Up-to-date symlink: /home/up/oradar_ws/install/oradar_lidar/share/oradar_lidar//rviz2/oradar_scan.rviz
-- Up-to-date symlink: /home/up/oradar_ws/install/oradar_lidar/share/ament_index/resource_index/package_run_dependencies/oradar_lidar
-- Up-to-date symlink: /home/up/oradar_ws/install/oradar_lidar/share/ament_index/resource_index/parent_prefix_path/oradar_lidar
-- Up-to-date symlink: /home/up/oradar_ws/install/oradar_lidar/share/oradar_lidar/environment/ament_prefix_path.sh
-- Up-to-date symlink: /home/up/oradar_ws/install/oradar_lidar/share/oradar_lidar/environment/ament_prefix_path.dsv
-- Up-to-date symlink: /home/up/oradar_ws/install/oradar_lidar/share/oradar_lidar/environment/path.sh
-- Up-to-date symlink: /home/up/oradar_ws/install/oradar_lidar/share/oradar_lidar/environment/path.dsv
-- Up-to-date symlink: /home/up/oradar_ws/install/oradar_lidar/share/oradar_lidar/local_setup.bash
-- Up-to-date symlink: /home/up/oradar_ws/install/oradar_lidar/share/oradar_lidar/local_setup.sh
-- Up-to-date symlink: /home/up/oradar_ws/install/oradar_lidar/share/oradar_lidar/local_setup.zsh
-- Up-to-date symlink: /home/up/oradar_ws/install/oradar_lidar/share/oradar_lidar/local_setup.dsv
-- Symlinking: /home/up/oradar_ws/install/oradar_lidar/share/oradar_lidar/package.dsv
-- Up-to-date symlink: /home/up/oradar_ws/install/oradar_lidar/share/ament_index/resource_index/packages/oradar_lidar
-- Up-to-date symlink: /home/up/oradar_ws/install/oradar_lidar/share/oradar_lidar/cmake/oradar_lidarConfig.cmake
-- Up-to-date symlink: /home/up/oradar_ws/install/oradar_lidar/share/oradar_lidar/cmake/oradar_lidarConfig-version.cmake
-- Up-to-date symlink: /home/up/oradar_ws/install/oradar_lidar/share/oradar_lidar/package.xml
